0 verbose cli /data/data/com.termux/files/usr/bin/node /data/data/com.termux/files/usr/bin/npm
1 info using npm@11.12.1
2 info using node@v24.14.1
3 silly config load:file:/data/data/com.termux/files/usr/lib/node_modules/npm/npmrc
4 silly config load:file:/data/data/com.termux/files/home/molina-ai-platform/.npmrc
5 silly config load:file:/data/data/com.termux/files/home/.npmrc
6 silly config load:file:/data/data/com.termux/files/usr/etc/npmrc
7 verbose title npm install express pg
8 verbose argv "install" "express" "pg"
9 verbose logfile logs-max:10 dir:/data/data/com.termux/files/home/.npm/_logs/2026-04-04T06_34_31_763Z-
10 verbose logfile /data/data/com.termux/files/home/.npm/_logs/2026-04-04T06_34_31_763Z-debug-0.log
11 silly logfile start cleaning logs, removing 1 files
12 silly packumentCache heap:1174405120 maxSize:293601280 maxEntrySize:146800640
13 silly logfile done cleaning log files
14 silly idealTree buildDeps
15 silly fetch manifest express@*
16 silly packumentCache full:https://registry.npmjs.org/express cache-miss
17 http fetch GET 200 https://registry.npmjs.org/express 792ms (cache updated)
18 silly packumentCache full:https://registry.npmjs.org/express set size:undefined disposed:false
19 silly fetch manifest pg@*
20 silly packumentCache full:https://registry.npmjs.org/pg cache-miss
21 http fetch GET 200 https://registry.npmjs.org/pg 195ms (cache revalidated)
22 silly packumentCache full:https://registry.npmjs.org/pg set size:475297 disposed:false
23 silly fetch manifest pg-native@>=3.0.1
24 silly packumentCache full:https://registry.npmjs.org/pg-native cache-miss
25 http fetch GET 200 https://registry.npmjs.org/pg-native 107ms (cache revalidated)
26 silly packumentCache full:https://registry.npmjs.org/pg-native set size:90863 disposed:false
27 silly placeDep ROOT express@5.2.1 OK for: molina-ai-platform@1.0.0 want: *
28 silly placeDep ROOT pg@8.20.0 OK for: molina-ai-platform@1.0.0 want: *
29 silly fetch manifest qs@^6.14.0
30 silly packumentCache full:https://registry.npmjs.org/qs cache-miss
31 silly fetch manifest depd@^2.0.0
32 silly packumentCache full:https://registry.npmjs.org/depd cache-miss
33 silly fetch manifest etag@^1.8.1
34 silly packumentCache full:https://registry.npmjs.org/etag cache-miss
35 silly fetch manifest once@^1.4.0
36 silly packumentCache full:https://registry.npmjs.org/once cache-miss
37 silly fetch manifest send@^1.1.0
38 silly packumentCache full:https://registry.npmjs.org/send cache-miss
39 silly fetch manifest vary@^1.1.2
40 silly packumentCache full:https://registry.npmjs.org/vary cache-miss
41 silly fetch manifest debug@^4.4.0
42 silly packumentCache full:https://registry.npmjs.org/debug cache-miss
43 http fetch GET 200 https://registry.npmjs.org/depd 145ms (cache revalidated)
44 silly packumentCache full:https://registry.npmjs.org/depd set size:40182 disposed:false
45 silly fetch manifest fresh@^2.0.0
46 silly packumentCache full:https://registry.npmjs.org/fresh cache-miss
47 http fetch GET 200 https://registry.npmjs.org/fresh 125ms (cache revalidated)
48 silly packumentCache full:https://registry.npmjs.org/fresh set size:25427 disposed:false
49 silly fetch manifest cookie@^0.7.1
50 silly packumentCache full:https://registry.npmjs.org/cookie cache-miss
51 http fetch GET 200 https://registry.npmjs.org/once 325ms (cache revalidated)
52 silly packumentCache full:https://registry.npmjs.org/once set size:11752 disposed:false
53 silly fetch manifest router@^2.2.0
54 silly packumentCache full:https://registry.npmjs.org/router cache-miss
55 http fetch GET 200 https://registry.npmjs.org/etag 342ms (cache revalidated)
56 silly packumentCache full:https://registry.npmjs.org/etag set size:30032 disposed:false
57 silly fetch manifest accepts@^2.0.0
58 silly packumentCache full:https://registry.npmjs.org/accepts cache-miss
59 http fetch GET 200 https://registry.npmjs.org/qs 363ms (cache revalidated)
60 silly packumentCache full:https://registry.npmjs.org/qs set size:350258 disposed:false
61 silly fetch manifest type-is@^2.0.1
62 silly packumentCache full:https://registry.npmjs.org/type-is cache-miss
63 http fetch GET 200 https://registry.npmjs.org/debug 371ms (cache revalidated)
64 silly packumentCache full:https://registry.npmjs.org/debug set size:195840 disposed:false
65 silly fetch manifest parseurl@^1.3.3
66 silly packumentCache full:https://registry.npmjs.org/parseurl cache-miss
67 http fetch GET 200 https://registry.npmjs.org/vary 418ms (cache revalidated)
68 silly packumentCache full:https://registry.npmjs.org/vary set size:16018 disposed:false
69 silly fetch manifest statuses@^2.0.1
70 silly packumentCache full:https://registry.npmjs.org/statuses cache-miss
71 http fetch GET 200 https://registry.npmjs.org/send 432ms (cache revalidated)
72 silly packumentCache full:https://registry.npmjs.org/send set size:152810 disposed:false
73 silly fetch manifest encodeurl@^2.0.0
74 silly packumentCache full:https://registry.npmjs.org/encodeurl cache-miss
75 http fetch GET 200 https://registry.npmjs.org/cookie 231ms (cache revalidated)
76 silly packumentCache full:https://registry.npmjs.org/cookie set size:72891 disposed:false
77 silly fetch manifest mime-types@^3.0.0
78 silly packumentCache full:https://registry.npmjs.org/mime-types cache-miss
79 http fetch GET 200 https://registry.npmjs.org/accepts 200ms (cache revalidated)
80 silly packumentCache full:https://registry.npmjs.org/accepts set size:77054 disposed:false
81 silly fetch manifest proxy-addr@^2.0.7
82 silly packumentCache full:https://registry.npmjs.org/proxy-addr cache-miss
83 http fetch GET 200 https://registry.npmjs.org/router 226ms (cache revalidated)
84 silly packumentCache full:https://registry.npmjs.org/router set size:116499 disposed:false
85 silly fetch manifest body-parser@^2.2.1
86 silly packumentCache full:https://registry.npmjs.org/body-parser cache-miss
87 http fetch GET 200 https://registry.npmjs.org/type-is 227ms (cache revalidated)
88 silly packumentCache full:https://registry.npmjs.org/type-is set size:86196 disposed:false
89 silly fetch manifest escape-html@^1.0.3
90 silly packumentCache full:https://registry.npmjs.org/escape-html cache-miss
91 http fetch GET 200 https://registry.npmjs.org/parseurl 218ms (cache revalidated)
92 silly packumentCache full:https://registry.npmjs.org/parseurl set size:24148 disposed:false
93 silly fetch manifest http-errors@^2.0.0
94 silly packumentCache full:https://registry.npmjs.org/http-errors cache-miss
95 http fetch GET 200 https://registry.npmjs.org/statuses 193ms (cache revalidated)
96 silly packumentCache full:https://registry.npmjs.org/statuses set size:37117 disposed:false
97 silly fetch manifest on-finished@^2.4.1
98 silly packumentCache full:https://registry.npmjs.org/on-finished cache-miss
99 http fetch GET 200 https://registry.npmjs.org/encodeurl 194ms (cache revalidated)
100 silly packumentCache full:https://registry.npmjs.org/encodeurl set size:12296 disposed:false
101 silly fetch manifest content-type@^1.0.5
102 silly packumentCache full:https://registry.npmjs.org/content-type cache-miss
103 http fetch GET 200 https://registry.npmjs.org/mime-types 149ms (cache revalidated)
104 silly packumentCache full:https://registry.npmjs.org/mime-types set size:139110 disposed:false
105 silly fetch manifest finalhandler@^2.1.0
106 silly packumentCache full:https://registry.npmjs.org/finalhandler cache-miss
107 http fetch GET 200 https://registry.npmjs.org/proxy-addr 168ms (cache revalidated)
108 silly packumentCache full:https://registry.npmjs.org/proxy-addr set size:61619 disposed:false
109 silly fetch manifest range-parser@^1.2.1
110 silly packumentCache full:https://registry.npmjs.org/range-parser cache-miss
111 http fetch GET 200 https://registry.npmjs.org/body-parser 184ms (cache revalidated)
112 silly packumentCache full:https://registry.npmjs.org/body-parser set size:216830 disposed:false
113 silly fetch manifest serve-static@^2.2.0
114 silly packumentCache full:https://registry.npmjs.org/serve-static cache-miss
115 http fetch GET 200 https://registry.npmjs.org/on-finished 170ms (cache revalidated)
116 silly packumentCache full:https://registry.npmjs.org/on-finished set size:23212 disposed:false
117 silly fetch manifest cookie-signature@^1.2.1
118 silly packumentCache full:https://registry.npmjs.org/cookie-signature cache-miss
119 http fetch GET 200 https://registry.npmjs.org/http-errors 190ms (cache revalidated)
120 silly packumentCache full:https://registry.npmjs.org/http-errors set size:71987 disposed:false
121 silly fetch manifest merge-descriptors@^2.0.0
122 silly packumentCache full:https://registry.npmjs.org/merge-descriptors cache-miss
123 http fetch GET 200 https://registry.npmjs.org/escape-html 209ms (cache revalidated)
124 silly packumentCache full:https://registry.npmjs.org/escape-html set size:7345 disposed:false
125 silly fetch manifest content-disposition@^1.0.0
126 silly packumentCache full:https://registry.npmjs.org/content-disposition cache-miss
127 http fetch GET 200 https://registry.npmjs.org/content-type 184ms (cache revalidated)
128 silly packumentCache full:https://registry.npmjs.org/content-type set size:17311 disposed:false
129 silly fetch manifest pg-connection-string@^2.12.0
130 silly packumentCache full:https://registry.npmjs.org/pg-connection-string cache-miss
131 http fetch GET 200 https://registry.npmjs.org/finalhandler 153ms (cache revalidated)
132 silly packumentCache full:https://registry.npmjs.org/finalhandler set size:79291 disposed:false
133 silly fetch manifest pg-pool@^3.13.0
134 silly packumentCache full:https://registry.npmjs.org/pg-pool cache-miss
135 http fetch GET 200 https://registry.npmjs.org/range-parser 157ms (cache revalidated)
136 silly packumentCache full:https://registry.npmjs.org/range-parser set size:22228 disposed:false
137 silly fetch manifest pg-protocol@^1.13.0
138 silly packumentCache full:https://registry.npmjs.org/pg-protocol cache-miss
139 http fetch GET 200 https://registry.npmjs.org/serve-static 207ms (cache revalidated)
140 silly packumentCache full:https://registry.npmjs.org/serve-static set size:150391 disposed:false
141 silly fetch manifest pg-types@2.2.0
142 silly packumentCache full:https://registry.npmjs.org/pg-types cache-miss
143 http fetch GET 200 https://registry.npmjs.org/cookie-signature 202ms (cache revalidated)
144 silly packumentCache full:https://registry.npmjs.org/cookie-signature set size:21777 disposed:false
145 silly fetch manifest pgpass@1.0.5
146 silly packumentCache full:https://registry.npmjs.org/pgpass cache-miss
147 http fetch GET 200 https://registry.npmjs.org/pg-connection-string 193ms (cache revalidated)
148 silly packumentCache full:https://registry.npmjs.org/pg-connection-string set size:74247 disposed:false
149 silly fetch manifest pg-cloudflare@^1.3.0
150 silly packumentCache full:https://registry.npmjs.org/pg-cloudflare cache-miss
151 http fetch GET 200 https://registry.npmjs.org/merge-descriptors 221ms (cache revalidated)
152 silly packumentCache full:https://registry.npmjs.org/merge-descriptors set size:16527 disposed:false
153 http fetch GET 200 https://registry.npmjs.org/content-disposition 224ms (cache revalidated)
154 silly packumentCache full:https://registry.npmjs.org/content-disposition set size:34469 disposed:false
155 http fetch GET 200 https://registry.npmjs.org/pg-pool 218ms (cache revalidated)
156 silly packumentCache full:https://registry.npmjs.org/pg-pool set size:130273 disposed:false
157 http fetch GET 200 https://registry.npmjs.org/pg-protocol 184ms (cache revalidated)
158 silly packumentCache full:https://registry.npmjs.org/pg-protocol set size:51532 disposed:false
159 http fetch GET 200 https://registry.npmjs.org/pg-types 281ms (cache revalidated)
160 silly packumentCache full:https://registry.npmjs.org/pg-types set size:51397 disposed:false
161 http fetch GET 200 https://registry.npmjs.org/pg-cloudflare 284ms (cache revalidated)
162 silly packumentCache full:https://registry.npmjs.org/pg-cloudflare set size:20882 disposed:false
163 http fetch GET 200 https://registry.npmjs.org/pgpass 338ms (cache revalidated)
164 silly packumentCache full:https://registry.npmjs.org/pgpass set size:26739 disposed:false
165 silly placeDep ROOT accepts@2.0.0 OK for: express@5.2.1 want: ^2.0.0
166 silly placeDep ROOT body-parser@2.2.2 OK for: express@5.2.1 want: ^2.2.1
167 silly placeDep ROOT content-disposition@1.0.1 OK for: express@5.2.1 want: ^1.0.0
168 silly placeDep ROOT content-type@1.0.5 OK for: express@5.2.1 want: ^1.0.5
169 silly placeDep ROOT cookie@0.7.2 OK for: express@5.2.1 want: ^0.7.1
170 silly placeDep ROOT cookie-signature@1.2.2 OK for: express@5.2.1 want: ^1.2.1
171 silly placeDep ROOT debug@4.4.3 OK for: express@5.2.1 want: ^4.4.0
172 silly placeDep ROOT depd@2.0.0 OK for: express@5.2.1 want: ^2.0.0
173 silly placeDep ROOT encodeurl@2.0.0 OK for: express@5.2.1 want: ^2.0.0
174 silly placeDep ROOT escape-html@1.0.3 OK for: express@5.2.1 want: ^1.0.3
175 silly placeDep ROOT etag@1.8.1 OK for: express@5.2.1 want: ^1.8.1
176 silly placeDep ROOT finalhandler@2.1.1 OK for: express@5.2.1 want: ^2.1.0
177 silly placeDep ROOT fresh@2.0.0 OK for: express@5.2.1 want: ^2.0.0
178 silly placeDep ROOT http-errors@2.0.1 OK for: express@5.2.1 want: ^2.0.0
179 silly placeDep ROOT merge-descriptors@2.0.0 OK for: express@5.2.1 want: ^2.0.0
180 silly placeDep ROOT mime-types@3.0.2 OK for: express@5.2.1 want: ^3.0.0
181 silly placeDep ROOT on-finished@2.4.1 OK for: express@5.2.1 want: ^2.4.1
182 silly placeDep ROOT once@1.4.0 OK for: express@5.2.1 want: ^1.4.0
183 silly placeDep ROOT parseurl@1.3.3 OK for: express@5.2.1 want: ^1.3.3
184 silly placeDep ROOT proxy-addr@2.0.7 OK for: express@5.2.1 want: ^2.0.7
185 silly placeDep ROOT qs@6.15.0 OK for: express@5.2.1 want: ^6.14.0
186 silly placeDep ROOT range-parser@1.2.1 OK for: express@5.2.1 want: ^1.2.1
187 silly placeDep ROOT router@2.2.0 OK for: express@5.2.1 want: ^2.2.0
188 silly placeDep ROOT send@1.2.1 OK for: express@5.2.1 want: ^1.1.0
189 silly placeDep ROOT serve-static@2.2.1 OK for: express@5.2.1 want: ^2.2.0
190 silly placeDep ROOT statuses@2.0.2 OK for: express@5.2.1 want: ^2.0.1
191 silly placeDep ROOT type-is@2.0.1 OK for: express@5.2.1 want: ^2.0.1
192 silly placeDep ROOT vary@1.1.2 OK for: express@5.2.1 want: ^1.1.2
193 silly fetch manifest negotiator@^1.0.0
194 silly packumentCache full:https://registry.npmjs.org/negotiator cache-miss
195 silly fetch manifest bytes@^3.1.2
196 silly packumentCache full:https://registry.npmjs.org/bytes cache-miss
197 silly fetch manifest debug@^4.4.3
198 silly packumentCache full:https://registry.npmjs.org/debug cache-hit
199 silly fetch manifest iconv-lite@^0.7.0
200 silly packumentCache full:https://registry.npmjs.org/iconv-lite cache-miss
201 silly fetch manifest qs@^6.14.1
202 silly packumentCache full:https://registry.npmjs.org/qs cache-hit
203 silly fetch manifest raw-body@^3.0.1
204 silly packumentCache full:https://registry.npmjs.org/raw-body cache-miss
205 silly fetch manifest ms@^2.1.3
206 silly packumentCache full:https://registry.npmjs.org/ms cache-miss
207 silly fetch manifest inherits@~2.0.4
208 silly packumentCache full:https://registry.npmjs.org/inherits cache-miss
209 silly fetch manifest setprototypeof@~1.2.0
210 silly packumentCache full:https://registry.npmjs.org/setprototypeof cache-miss
211 http fetch GET 200 https://registry.npmjs.org/bytes 189ms (cache revalidated)
212 silly packumentCache full:https://registry.npmjs.org/bytes set size:37018 disposed:false
213 silly fetch manifest statuses@~2.0.2
214 silly packumentCache full:https://registry.npmjs.org/statuses cache-hit
215 silly fetch manifest toidentifier@~1.0.1
216 silly packumentCache full:https://registry.npmjs.org/toidentifier cache-miss
217 http fetch GET 200 https://registry.npmjs.org/negotiator 208ms (cache revalidated)
218 silly packumentCache full:https://registry.npmjs.org/negotiator set size:48046 disposed:false
219 silly fetch manifest mime-db@^1.54.0
220 silly packumentCache full:https://registry.npmjs.org/mime-db cache-miss
221 http fetch GET 200 https://registry.npmjs.org/ms 174ms (cache revalidated)
222 silly packumentCache full:https://registry.npmjs.org/ms set size:92208 disposed:false
223 silly fetch manifest ee-first@1.1.1
224 silly packumentCache full:https://registry.npmjs.org/ee-first cache-miss
225 http fetch GET 200 https://registry.npmjs.org/raw-body 200ms (cache revalidated)
226 silly packumentCache full:https://registry.npmjs.org/raw-body set size:117822 disposed:false
227 silly fetch manifest wrappy@1
228 silly packumentCache full:https://registry.npmjs.org/wrappy cache-miss
229 http fetch GET 200 https://registry.npmjs.org/iconv-lite 250ms (cache revalidated)
230 silly packumentCache full:https://registry.npmjs.org/iconv-lite set size:120557 disposed:false
231 silly fetch manifest forwarded@0.2.0
232 silly packumentCache full:https://registry.npmjs.org/forwarded cache-miss
233 http fetch GET 200 https://registry.npmjs.org/inherits 227ms (cache revalidated)
234 silly packumentCache full:https://registry.npmjs.org/inherits set size:12925 disposed:false
235 silly fetch manifest ipaddr.js@1.9.1
236 silly packumentCache full:https://registry.npmjs.org/ipaddr.js cache-miss
237 http fetch GET 200 https://registry.npmjs.org/setprototypeof 233ms (cache revalidated)
238 silly packumentCache full:https://registry.npmjs.org/setprototypeof set size:14532 disposed:false
239 silly fetch manifest side-channel@^1.1.0
240 silly packumentCache full:https://registry.npmjs.org/side-channel cache-miss
241 http fetch GET 200 https://registry.npmjs.org/wrappy 151ms (cache revalidated)
242 silly packumentCache full:https://registry.npmjs.org/wrappy set size:7682 disposed:false
243 silly fetch manifest is-promise@^4.0.0
244 silly packumentCache full:https://registry.npmjs.org/is-promise cache-miss
245 http fetch GET 200 https://registry.npmjs.org/mime-db 195ms (cache revalidated)
246 silly packumentCache full:https://registry.npmjs.org/mime-db set size:164953 disposed:false
247 silly fetch manifest path-to-regexp@^8.0.0
248 silly packumentCache full:https://registry.npmjs.org/path-to-regexp cache-miss
249 http fetch GET 200 https://registry.npmjs.org/toidentifier 234ms (cache revalidated)
250 silly packumentCache full:https://registry.npmjs.org/toidentifier set size:12006 disposed:false
251 silly fetch manifest statuses@^2.0.2
252 silly packumentCache full:https://registry.npmjs.org/statuses cache-hit
253 silly fetch manifest media-typer@^1.1.0
254 silly packumentCache full:https://registry.npmjs.org/media-typer cache-miss
255 http fetch GET 200 https://registry.npmjs.org/ee-first 233ms (cache revalidated)
256 silly packumentCache full:https://registry.npmjs.org/ee-first set size:15327 disposed:false
257 http fetch GET 200 https://registry.npmjs.org/forwarded 193ms (cache revalidated)
258 silly packumentCache full:https://registry.npmjs.org/forwarded set size:11229 disposed:false
259 http fetch GET 200 https://registry.npmjs.org/ipaddr.js 191ms (cache revalidated)
260 silly packumentCache full:https://registry.npmjs.org/ipaddr.js set size:67857 disposed:false
261 http fetch GET 200 https://registry.npmjs.org/side-channel 213ms (cache revalidated)
262 silly packumentCache full:https://registry.npmjs.org/side-channel set size:24660 disposed:false
263 http fetch GET 200 https://registry.npmjs.org/is-promise 179ms (cache revalidated)
264 silly packumentCache full:https://registry.npmjs.org/is-promise set size:18599 disposed:false
265 http fetch GET 200 https://registry.npmjs.org/media-typer 144ms (cache revalidated)
266 silly packumentCache full:https://registry.npmjs.org/media-typer set size:20873 disposed:false
267 http fetch GET 200 https://registry.npmjs.org/path-to-regexp 198ms (cache updated)
268 silly packumentCache full:https://registry.npmjs.org/path-to-regexp set size:undefined disposed:false
269 silly placeDep ROOT negotiator@1.0.0 OK for: accepts@2.0.0 want: ^1.0.0
270 silly placeDep ROOT bytes@3.1.2 OK for: body-parser@2.2.2 want: ^3.1.2
271 silly placeDep ROOT iconv-lite@0.7.2 OK for: body-parser@2.2.2 want: ^0.7.0
272 silly placeDep ROOT raw-body@3.0.2 OK for: body-parser@2.2.2 want: ^3.0.1
273 silly fetch manifest safer-buffer@>= 2.1.2 < 3.0.0
274 silly packumentCache full:https://registry.npmjs.org/safer-buffer cache-miss
275 silly fetch manifest unpipe@~1.0.0
276 silly packumentCache full:https://registry.npmjs.org/unpipe cache-miss
277 http fetch GET 200 https://registry.npmjs.org/safer-buffer 125ms (cache revalidated)
278 silly packumentCache full:https://registry.npmjs.org/safer-buffer set size:18521 disposed:false
279 http fetch GET 200 https://registry.npmjs.org/unpipe 137ms (cache revalidated)
280 silly packumentCache full:https://registry.npmjs.org/unpipe set size:3609 disposed:false
281 silly placeDep ROOT ms@2.1.3 OK for: debug@4.4.3 want: ^2.1.3
282 silly placeDep ROOT inherits@2.0.4 OK for: http-errors@2.0.1 want: ~2.0.4
283 silly placeDep ROOT setprototypeof@1.2.0 OK for: http-errors@2.0.1 want: ~1.2.0
284 silly placeDep ROOT toidentifier@1.0.1 OK for: http-errors@2.0.1 want: ~1.0.1
285 silly placeDep ROOT safer-buffer@2.1.2 OK for: iconv-lite@0.7.2 want: >= 2.1.2 < 3.0.0
286 silly placeDep ROOT mime-db@1.54.0 OK for: mime-types@3.0.2 want: ^1.54.0
287 silly placeDep ROOT ee-first@1.1.1 OK for: on-finished@2.4.1 want: 1.1.1
288 silly placeDep ROOT wrappy@1.0.2 OK for: once@1.4.0 want: 1
289 silly fetch manifest pg@>=8.0
290 silly packumentCache full:https://registry.npmjs.org/pg cache-hit
291 silly placeDep ROOT pg-cloudflare@1.3.0 OK for: pg@8.20.0 want: ^1.3.0
292 silly placeDep ROOT pg-connection-string@2.12.0 OK for: pg@8.20.0 want: ^2.12.0
293 silly placeDep ROOT pg-pool@3.13.0 OK for: pg@8.20.0 want: ^3.13.0
294 silly placeDep ROOT pg-protocol@1.13.0 OK for: pg@8.20.0 want: ^1.13.0
295 silly placeDep ROOT pg-types@2.2.0 OK for: pg@8.20.0 want: 2.2.0
296 silly placeDep ROOT pgpass@1.0.5 OK for: pg@8.20.0 want: 1.0.5
297 silly fetch manifest pg-int8@1.0.1
298 silly packumentCache full:https://registry.npmjs.org/pg-int8 cache-miss
299 silly fetch manifest postgres-date@~1.0.4
300 silly packumentCache full:https://registry.npmjs.org/postgres-date cache-miss
301 silly fetch manifest postgres-array@~2.0.0
302 silly packumentCache full:https://registry.npmjs.org/postgres-array cache-miss
303 silly fetch manifest postgres-bytea@~1.0.0
304 silly packumentCache full:https://registry.npmjs.org/postgres-bytea cache-miss
305 silly fetch manifest postgres-interval@^1.1.0
306 silly packumentCache full:https://registry.npmjs.org/postgres-interval cache-miss
307 silly fetch manifest split2@^4.1.0
308 silly packumentCache full:https://registry.npmjs.org/split2 cache-miss
309 http fetch GET 200 https://registry.npmjs.org/postgres-array 140ms (cache revalidated)
310 silly packumentCache full:https://registry.npmjs.org/postgres-array set size:21967 disposed:false
311 http fetch GET 200 https://registry.npmjs.org/postgres-interval 142ms (cache revalidated)
312 silly packumentCache full:https://registry.npmjs.org/postgres-interval set size:30514 disposed:false
313 http fetch GET 200 https://registry.npmjs.org/split2 167ms (cache revalidated)
314 silly packumentCache full:https://registry.npmjs.org/split2 set size:47438 disposed:false
315 http fetch GET 200 https://registry.npmjs.org/pg-int8 195ms (cache revalidated)
316 silly packumentCache full:https://registry.npmjs.org/pg-int8 set size:3652 disposed:false
317 http fetch GET 200 https://registry.npmjs.org/postgres-date 198ms (cache revalidated)
318 silly packumentCache full:https://registry.npmjs.org/postgres-date set size:27126 disposed:false
319 http fetch GET 200 https://registry.npmjs.org/postgres-bytea 195ms (cache revalidated)
320 silly packumentCache full:https://registry.npmjs.org/postgres-bytea set size:8854 disposed:false
321 silly placeDep ROOT pg-int8@1.0.1 OK for: pg-types@2.2.0 want: 1.0.1
322 silly placeDep ROOT postgres-array@2.0.0 OK for: pg-types@2.2.0 want: ~2.0.0
323 silly placeDep ROOT postgres-bytea@1.0.1 OK for: pg-types@2.2.0 want: ~1.0.0
324 silly placeDep ROOT postgres-date@1.0.7 OK for: pg-types@2.2.0 want: ~1.0.4
325 silly placeDep ROOT postgres-interval@1.2.0 OK for: pg-types@2.2.0 want: ^1.1.0
326 silly fetch manifest xtend@^4.0.0
327 silly packumentCache full:https://registry.npmjs.org/xtend cache-miss
328 http fetch GET 200 https://registry.npmjs.org/xtend 93ms (cache revalidated)
329 silly packumentCache full:https://registry.npmjs.org/xtend set size:28314 disposed:false
330 silly placeDep ROOT split2@4.2.0 OK for: pgpass@1.0.5 want: ^4.1.0
331 silly placeDep ROOT xtend@4.0.2 OK for: postgres-interval@1.2.0 want: ^4.0.0
332 silly placeDep ROOT forwarded@0.2.0 OK for: proxy-addr@2.0.7 want: 0.2.0
333 silly placeDep ROOT ipaddr.js@1.9.1 OK for: proxy-addr@2.0.7 want: 1.9.1
334 silly placeDep ROOT side-channel@1.1.0 OK for: qs@6.15.0 want: ^1.1.0
335 silly fetch manifest es-errors@^1.3.0
336 silly packumentCache full:https://registry.npmjs.org/es-errors cache-miss
337 silly fetch manifest object-inspect@^1.13.3
338 silly packumentCache full:https://registry.npmjs.org/object-inspect cache-miss
339 silly fetch manifest side-channel-list@^1.0.0
340 silly packumentCache full:https://registry.npmjs.org/side-channel-list cache-miss
341 silly fetch manifest side-channel-map@^1.0.1
342 silly packumentCache full:https://registry.npmjs.org/side-channel-map cache-miss
343 silly fetch manifest side-channel-weakmap@^1.0.2
344 silly packumentCache full:https://registry.npmjs.org/side-channel-weakmap cache-miss
345 http fetch GET 200 https://registry.npmjs.org/side-channel-weakmap 118ms (cache revalidated)
346 silly packumentCache full:https://registry.npmjs.org/side-channel-weakmap set size:12620 disposed:false
347 http fetch GET 200 https://registry.npmjs.org/object-inspect 131ms (cache revalidated)
348 silly packumentCache full:https://registry.npmjs.org/object-inspect set size:101912 disposed:false
349 http fetch GET 200 https://registry.npmjs.org/side-channel-list 138ms (cache revalidated)
350 silly packumentCache full:https://registry.npmjs.org/side-channel-list set size:6005 disposed:false
351 http fetch GET 200 https://registry.npmjs.org/es-errors 147ms (cache revalidated)
352 silly packumentCache full:https://registry.npmjs.org/es-errors set size:16918 disposed:false
353 http fetch GET 200 https://registry.npmjs.org/side-channel-map 148ms (cache revalidated)
354 silly packumentCache full:https://registry.npmjs.org/side-channel-map set size:9126 disposed:false
355 silly placeDep ROOT unpipe@1.0.0 OK for: raw-body@3.0.2 want: ~1.0.0
356 silly placeDep ROOT is-promise@4.0.0 OK for: router@2.2.0 want: ^4.0.0
357 silly placeDep ROOT path-to-regexp@8.4.2 OK for: router@2.2.0 want: ^8.0.0
358 silly placeDep ROOT es-errors@1.3.0 OK for: side-channel@1.1.0 want: ^1.3.0
359 silly placeDep ROOT object-inspect@1.13.4 OK for: side-channel@1.1.0 want: ^1.13.3
360 silly placeDep ROOT side-channel-list@1.0.0 OK for: side-channel@1.1.0 want: ^1.0.0
361 silly placeDep ROOT side-channel-map@1.0.1 OK for: side-channel@1.1.0 want: ^1.0.1
362 silly placeDep ROOT side-channel-weakmap@1.0.2 OK for: side-channel@1.1.0 want: ^1.0.2
363 silly fetch manifest call-bound@^1.0.2
364 silly packumentCache full:https://registry.npmjs.org/call-bound cache-miss
365 silly fetch manifest get-intrinsic@^1.2.5
366 silly packumentCache full:https://registry.npmjs.org/get-intrinsic cache-miss
367 silly fetch manifest call-bound@^1.0.2
368 silly packumentCache full:https://registry.npmjs.org/call-bound cache-miss
369 silly fetch manifest get-intrinsic@^1.2.5
370 silly packumentCache full:https://registry.npmjs.org/get-intrinsic cache-miss
371 http fetch GET 200 https://registry.npmjs.org/call-bound 107ms (cache revalidated)
372 silly packumentCache full:https://registry.npmjs.org/call-bound set size:15317 disposed:false
373 http fetch GET 200 https://registry.npmjs.org/call-bound 118ms (cache revalidated)
374 silly packumentCache full:https://registry.npmjs.org/call-bound set size:15317 disposed:false
375 silly packumentCache full:https://registry.npmjs.org/call-bound dispose
376 http fetch GET 200 https://registry.npmjs.org/get-intrinsic 122ms (cache revalidated)
377 silly packumentCache full:https://registry.npmjs.org/get-intrinsic set size:60985 disposed:false
378 http fetch GET 200 https://registry.npmjs.org/get-intrinsic 124ms (cache revalidated)
379 silly packumentCache full:https://registry.npmjs.org/get-intrinsic set size:60985 disposed:false
380 silly packumentCache full:https://registry.npmjs.org/get-intrinsic dispose
381 silly placeDep ROOT call-bound@1.0.4 OK for: side-channel-map@1.0.1 want: ^1.0.2
382 silly placeDep ROOT get-intrinsic@1.3.0 OK for: side-channel-map@1.0.1 want: ^1.2.5
383 silly fetch manifest call-bind-apply-helpers@^1.0.2
384 silly packumentCache full:https://registry.npmjs.org/call-bind-apply-helpers cache-miss
385 silly fetch manifest get-intrinsic@^1.3.0
386 silly packumentCache full:https://registry.npmjs.org/get-intrinsic cache-hit
387 silly fetch manifest gopd@^1.2.0
388 silly packumentCache full:https://registry.npmjs.org/gopd cache-miss
389 silly fetch manifest hasown@^2.0.2
390 silly packumentCache full:https://registry.npmjs.org/hasown cache-miss
391 silly fetch manifest get-proto@^1.0.1
392 silly packumentCache full:https://registry.npmjs.org/get-proto cache-miss
393 silly fetch manifest has-symbols@^1.1.0
394 silly packumentCache full:https://registry.npmjs.org/has-symbols cache-miss
395 silly fetch manifest function-bind@^1.1.2
396 silly packumentCache full:https://registry.npmjs.org/function-bind cache-miss
397 silly fetch manifest es-object-atoms@^1.1.1
398 silly packumentCache full:https://registry.npmjs.org/es-object-atoms cache-miss
399 http fetch GET 200 https://registry.npmjs.org/gopd 131ms (cache revalidated)
400 silly packumentCache full:https://registry.npmjs.org/gopd set size:11458 disposed:false
401 silly fetch manifest math-intrinsics@^1.1.0
402 silly packumentCache full:https://registry.npmjs.org/math-intrinsics cache-miss
403 http fetch GET 200 https://registry.npmjs.org/hasown 142ms (cache revalidated)
404 silly packumentCache full:https://registry.npmjs.org/hasown set size:12476 disposed:false
405 silly fetch manifest es-define-property@^1.0.1
406 silly packumentCache full:https://registry.npmjs.org/es-define-property cache-miss
407 http fetch GET 200 https://registry.npmjs.org/get-proto 156ms (cache revalidated)
408 silly packumentCache full:https://registry.npmjs.org/get-proto set size:8300 disposed:false
409 silly fetch manifest call-bind-apply-helpers@^1.0.2
410 silly packumentCache full:https://registry.npmjs.org/call-bind-apply-helpers cache-miss
411 http fetch GET 200 https://registry.npmjs.org/call-bind-apply-helpers 174ms (cache revalidated)
412 silly packumentCache full:https://registry.npmjs.org/call-bind-apply-helpers set size:12744 disposed:false
413 http fetch GET 200 https://registry.npmjs.org/function-bind 168ms (cache revalidated)
414 silly packumentCache full:https://registry.npmjs.org/function-bind set size:15733 disposed:false
415 http fetch GET 200 https://registry.npmjs.org/has-symbols 177ms (cache revalidated)
416 silly packumentCache full:https://registry.npmjs.org/has-symbols set size:21550 disposed:false
417 http fetch GET 200 https://registry.npmjs.org/es-object-atoms 174ms (cache revalidated)
418 silly packumentCache full:https://registry.npmjs.org/es-object-atoms set size:15304 disposed:false
419 http cache https://registry.npmjs.org/call-bind-apply-helpers 52ms (cache hit)
420 silly packumentCache full:https://registry.npmjs.org/call-bind-apply-helpers set size:12744 disposed:false
421 silly packumentCache full:https://registry.npmjs.org/call-bind-apply-helpers dispose
422 http fetch GET 200 https://registry.npmjs.org/math-intrinsics 46379ms (cache revalidated)
423 silly packumentCache full:https://registry.npmjs.org/math-intrinsics set size:9265 disposed:false
424 http fetch GET 200 https://registry.npmjs.org/es-define-property 46375ms (cache revalidated)
425 silly packumentCache full:https://registry.npmjs.org/es-define-property set size:8542 disposed:false
426 silly placeDep ROOT call-bind-apply-helpers@1.0.2 OK for: call-bound@1.0.4 want: ^1.0.2
427 silly placeDep ROOT function-bind@1.1.2 OK for: call-bind-apply-helpers@1.0.2 want: ^1.1.2
428 silly placeDep ROOT es-define-property@1.0.1 OK for: get-intrinsic@1.3.0 want: ^1.0.1
429 silly placeDep ROOT es-object-atoms@1.1.1 OK for: get-intrinsic@1.3.0 want: ^1.1.1
430 silly placeDep ROOT get-proto@1.0.1 OK for: get-intrinsic@1.3.0 want: ^1.0.1
431 silly placeDep ROOT gopd@1.2.0 OK for: get-intrinsic@1.3.0 want: ^1.2.0
432 silly placeDep ROOT has-symbols@1.1.0 OK for: get-intrinsic@1.3.0 want: ^1.1.0
433 silly placeDep ROOT hasown@2.0.2 OK for: get-intrinsic@1.3.0 want: ^2.0.2
434 silly placeDep ROOT math-intrinsics@1.1.0 OK for: get-intrinsic@1.3.0 want: ^1.1.0
435 silly fetch manifest dunder-proto@^1.0.1
436 silly packumentCache full:https://registry.npmjs.org/dunder-proto cache-miss
437 http fetch GET 200 https://registry.npmjs.org/dunder-proto 372ms (cache revalidated)
438 silly packumentCache full:https://registry.npmjs.org/dunder-proto set size:8256 disposed:false
439 silly placeDep ROOT dunder-proto@1.0.1 OK for: get-proto@1.0.1 want: ^1.0.1
440 silly placeDep ROOT media-typer@1.1.0 OK for: type-is@2.0.1 want: ^1.1.0
441 silly reify moves {}
442 silly audit bulk request {
442 silly audit   express: [ '5.2.1' ],
442 silly audit   pg: [ '8.20.0' ],
442 silly audit   accepts: [ '2.0.0' ],
442 silly audit   'body-parser': [ '2.2.2' ],
442 silly audit   'content-disposition': [ '1.0.1' ],
442 silly audit   'content-type': [ '1.0.5' ],
442 silly audit   cookie: [ '0.7.2' ],
442 silly audit   'cookie-signature': [ '1.2.2' ],
442 silly audit   debug: [ '4.4.3' ],
442 silly audit   depd: [ '2.0.0' ],
442 silly audit   encodeurl: [ '2.0.0' ],
442 silly audit   'escape-html': [ '1.0.3' ],
442 silly audit   etag: [ '1.8.1' ],
442 silly audit   finalhandler: [ '2.1.1' ],
442 silly audit   fresh: [ '2.0.0' ],
442 silly audit   'http-errors': [ '2.0.1' ],
442 silly audit   'merge-descriptors': [ '2.0.0' ],
442 silly audit   'mime-types': [ '3.0.2' ],
442 silly audit   'on-finished': [ '2.4.1' ],
442 silly audit   once: [ '1.4.0' ],
442 silly audit   parseurl: [ '1.3.3' ],
442 silly audit   'proxy-addr': [ '2.0.7' ],
442 silly audit   qs: [ '6.15.0' ],
442 silly audit   'range-parser': [ '1.2.1' ],
442 silly audit   router: [ '2.2.0' ],
442 silly audit   send: [ '1.2.1' ],
442 silly audit   'serve-static': [ '2.2.1' ],
442 silly audit   statuses: [ '2.0.2' ],
442 silly audit   'type-is': [ '2.0.1' ],
442 silly audit   vary: [ '1.1.2' ],
442 silly audit   negotiator: [ '1.0.0' ],
442 silly audit   bytes: [ '3.1.2' ],
442 silly audit   'iconv-lite': [ '0.7.2' ],
442 silly audit   'raw-body': [ '3.0.2' ],
442 silly audit   ms: [ '2.1.3' ],
442 silly audit   inherits: [ '2.0.4' ],
442 silly audit   setprototypeof: [ '1.2.0' ],
442 silly audit   toidentifier: [ '1.0.1' ],
442 silly audit   'safer-buffer': [ '2.1.2' ],
442 silly audit   'mime-db': [ '1.54.0' ],
442 silly audit   'ee-first': [ '1.1.1' ],
442 silly audit   wrappy: [ '1.0.2' ],
442 silly audit   'pg-cloudflare': [ '1.3.0' ],
442 silly audit   'pg-connection-string': [ '2.12.0' ],
442 silly audit   'pg-pool': [ '3.13.0' ],
442 silly audit   'pg-protocol': [ '1.13.0' ],
442 silly audit   'pg-types': [ '2.2.0' ],
442 silly audit   pgpass: [ '1.0.5' ],
442 silly audit   'pg-int8': [ '1.0.1' ],
442 silly audit   'postgres-array': [ '2.0.0' ],
442 silly audit   'postgres-bytea': [ '1.0.1' ],
442 silly audit   'postgres-date': [ '1.0.7' ],
442 silly audit   'postgres-interval': [ '1.2.0' ],
442 silly audit   split2: [ '4.2.0' ],
442 silly audit   xtend: [ '4.0.2' ],
442 silly audit   forwarded: [ '0.2.0' ],
442 silly audit   'ipaddr.js': [ '1.9.1' ],
442 silly audit   'side-channel': [ '1.1.0' ],
442 silly audit   unpipe: [ '1.0.0' ],
442 silly audit   'is-promise': [ '4.0.0' ],
442 silly audit   'path-to-regexp': [ '8.4.2' ],
442 silly audit   'es-errors': [ '1.3.0' ],
442 silly audit   'object-inspect': [ '1.13.4' ],
442 silly audit   'side-channel-list': [ '1.0.0' ],
442 silly audit   'side-channel-map': [ '1.0.1' ],
442 silly audit   'side-channel-weakmap': [ '1.0.2' ],
442 silly audit   'call-bound': [ '1.0.4' ],
442 silly audit   'get-intrinsic': [ '1.3.0' ],
442 silly audit   'call-bind-apply-helpers': [ '1.0.2' ],
442 silly audit   'function-bind': [ '1.1.2' ],
442 silly audit   'es-define-property': [ '1.0.1' ],
442 silly audit   'es-object-atoms': [ '1.1.1' ],
442 silly audit   'get-proto': [ '1.0.1' ],
442 silly audit   gopd: [ '1.2.0' ],
442 silly audit   'has-symbols': [ '1.1.0' ],
442 silly audit   hasown: [ '2.0.2' ],
442 silly audit   'math-intrinsics': [ '1.1.0' ],
442 silly audit   'dunder-proto': [ '1.0.1' ],
442 silly audit   'media-typer': [ '1.1.0' ]
442 silly audit }
443 http cache media-typer@https://registry.npmjs.org/media-typer/-/media-typer-1.1.0.tgz 0ms (cache hit)
444 http cache math-intrinsics@https://registry.npmjs.org/math-intrinsics/-/math-intrinsics-1.1.0.tgz 0ms (cache hit)
445 http cache has-symbols@https://registry.npmjs.org/has-symbols/-/has-symbols-1.1.0.tgz 0ms (cache hit)
446 http cache hasown@https://registry.npmjs.org/hasown/-/hasown-2.0.2.tgz 0ms (cache hit)
447 http cache gopd@https://registry.npmjs.org/gopd/-/gopd-1.2.0.tgz 0ms (cache hit)
448 http cache get-proto@https://registry.npmjs.org/get-proto/-/get-proto-1.0.1.tgz 0ms (cache hit)
449 http cache es-object-atoms@https://registry.npmjs.org/es-object-atoms/-/es-object-atoms-1.1.1.tgz 0ms (cache hit)
450 http cache es-define-property@https://registry.npmjs.org/es-define-property/-/es-define-property-1.0.1.tgz 0ms (cache hit)
451 http cache function-bind@https://registry.npmjs.org/function-bind/-/function-bind-1.1.2.tgz 0ms (cache hit)
452 http cache call-bind-apply-helpers@https://registry.npmjs.org/call-bind-apply-helpers/-/call-bind-apply-helpers-1.0.2.tgz 0ms (cache hit)
453 http cache get-intrinsic@https://registry.npmjs.org/get-intrinsic/-/get-intrinsic-1.3.0.tgz 0ms (cache hit)
454 http cache side-channel-weakmap@https://registry.npmjs.org/side-channel-weakmap/-/side-channel-weakmap-1.0.2.tgz 0ms (cache hit)
455 http cache side-channel-map@https://registry.npmjs.org/side-channel-map/-/side-channel-map-1.0.1.tgz 0ms (cache hit)
456 http cache side-channel-list@https://registry.npmjs.org/side-channel-list/-/side-channel-list-1.0.0.tgz 0ms (cache hit)
457 http cache object-inspect@https://registry.npmjs.org/object-inspect/-/object-inspect-1.13.4.tgz 0ms (cache hit)
458 http cache es-errors@https://registry.npmjs.org/es-errors/-/es-errors-1.3.0.tgz 0ms (cache hit)
459 http cache path-to-regexp@https://registry.npmjs.org/path-to-regexp/-/path-to-regexp-8.4.2.tgz 0ms (cache hit)
460 http cache is-promise@https://registry.npmjs.org/is-promise/-/is-promise-4.0.0.tgz 0ms (cache hit)
461 http cache unpipe@https://registry.npmjs.org/unpipe/-/unpipe-1.0.0.tgz 1ms (cache hit)
462 http cache side-channel@https://registry.npmjs.org/side-channel/-/side-channel-1.1.0.tgz 1ms (cache hit)
463 http cache ipaddr.js@https://registry.npmjs.org/ipaddr.js/-/ipaddr.js-1.9.1.tgz 0ms (cache hit)
464 http cache forwarded@https://registry.npmjs.org/forwarded/-/forwarded-0.2.0.tgz 0ms (cache hit)
465 http cache xtend@https://registry.npmjs.org/xtend/-/xtend-4.0.2.tgz 0ms (cache hit)
466 http cache call-bound@https://registry.npmjs.org/call-bound/-/call-bound-1.0.4.tgz 0ms (cache hit)
467 http cache postgres-interval@https://registry.npmjs.org/postgres-interval/-/postgres-interval-1.2.0.tgz 0ms (cache hit)
468 http cache postgres-date@https://registry.npmjs.org/postgres-date/-/postgres-date-1.0.7.tgz 0ms (cache hit)
469 http cache split2@https://registry.npmjs.org/split2/-/split2-4.2.0.tgz 0ms (cache hit)
470 http cache postgres-bytea@https://registry.npmjs.org/postgres-bytea/-/postgres-bytea-1.0.1.tgz 0ms (cache hit)
471 http cache postgres-array@https://registry.npmjs.org/postgres-array/-/postgres-array-2.0.0.tgz 0ms (cache hit)
472 http cache pg-int8@https://registry.npmjs.org/pg-int8/-/pg-int8-1.0.1.tgz 0ms (cache hit)
473 http cache pgpass@https://registry.npmjs.org/pgpass/-/pgpass-1.0.5.tgz 0ms (cache hit)
474 http cache pg-types@https://registry.npmjs.org/pg-types/-/pg-types-2.2.0.tgz 1ms (cache hit)
475 http cache pg-pool@https://registry.npmjs.org/pg-pool/-/pg-pool-3.13.0.tgz 0ms (cache hit)
476 http cache pg-protocol@https://registry.npmjs.org/pg-protocol/-/pg-protocol-1.13.0.tgz 0ms (cache hit)
477 http cache pg-connection-string@https://registry.npmjs.org/pg-connection-string/-/pg-connection-string-2.12.0.tgz 0ms (cache hit)
478 http cache pg-cloudflare@https://registry.npmjs.org/pg-cloudflare/-/pg-cloudflare-1.3.0.tgz 0ms (cache hit)
479 http cache wrappy@https://registry.npmjs.org/wrappy/-/wrappy-1.0.2.tgz 0ms (cache hit)
480 http cache ee-first@https://registry.npmjs.org/ee-first/-/ee-first-1.1.1.tgz 0ms (cache hit)
481 http cache safer-buffer@https://registry.npmjs.org/safer-buffer/-/safer-buffer-2.1.2.tgz 0ms (cache hit)
482 http cache mime-db@https://registry.npmjs.org/mime-db/-/mime-db-1.54.0.tgz 0ms (cache hit)
483 http cache toidentifier@https://registry.npmjs.org/toidentifier/-/toidentifier-1.0.1.tgz 0ms (cache hit)
484 http cache setprototypeof@https://registry.npmjs.org/setprototypeof/-/setprototypeof-1.2.0.tgz 0ms (cache hit)
485 http cache inherits@https://registry.npmjs.org/inherits/-/inherits-2.0.4.tgz 0ms (cache hit)
486 http cache ms@https://registry.npmjs.org/ms/-/ms-2.1.3.tgz 0ms (cache hit)
487 http cache raw-body@https://registry.npmjs.org/raw-body/-/raw-body-3.0.2.tgz 0ms (cache hit)
488 http cache iconv-lite@https://registry.npmjs.org/iconv-lite/-/iconv-lite-0.7.2.tgz 1ms (cache hit)
489 http cache bytes@https://registry.npmjs.org/bytes/-/bytes-3.1.2.tgz 0ms (cache hit)
490 http cache negotiator@https://registry.npmjs.org/negotiator/-/negotiator-1.0.0.tgz 0ms (cache hit)
491 http cache vary@https://registry.npmjs.org/vary/-/vary-1.1.2.tgz 0ms (cache hit)
492 http cache type-is@https://registry.npmjs.org/type-is/-/type-is-2.0.1.tgz 0ms (cache hit)
493 http cache statuses@https://registry.npmjs.org/statuses/-/statuses-2.0.2.tgz 0ms (cache hit)
494 http cache serve-static@https://registry.npmjs.org/serve-static/-/serve-static-2.2.1.tgz 0ms (cache hit)
495 http cache send@https://registry.npmjs.org/send/-/send-1.2.1.tgz 0ms (cache hit)
496 http cache router@https://registry.npmjs.org/router/-/router-2.2.0.tgz 0ms (cache hit)
497 http cache range-parser@https://registry.npmjs.org/range-parser/-/range-parser-1.2.1.tgz 0ms (cache hit)
498 http cache qs@https://registry.npmjs.org/qs/-/qs-6.15.0.tgz 0ms (cache hit)
499 http cache proxy-addr@https://registry.npmjs.org/proxy-addr/-/proxy-addr-2.0.7.tgz 0ms (cache hit)
500 http cache parseurl@https://registry.npmjs.org/parseurl/-/parseurl-1.3.3.tgz 0ms (cache hit)
501 http cache on-finished@https://registry.npmjs.org/on-finished/-/on-finished-2.4.1.tgz 1ms (cache hit)
502 http cache mime-types@https://registry.npmjs.org/mime-types/-/mime-types-3.0.2.tgz 0ms (cache hit)
503 http cache merge-descriptors@https://registry.npmjs.org/merge-descriptors/-/merge-descriptors-2.0.0.tgz 1ms (cache hit)
504 http cache http-errors@https://registry.npmjs.org/http-errors/-/http-errors-2.0.1.tgz 0ms (cache hit)
505 http cache once@https://registry.npmjs.org/once/-/once-1.4.0.tgz 0ms (cache hit)
506 http cache fresh@https://registry.npmjs.org/fresh/-/fresh-2.0.0.tgz 0ms (cache hit)
507 http cache finalhandler@https://registry.npmjs.org/finalhandler/-/finalhandler-2.1.1.tgz 0ms (cache hit)
508 http cache etag@https://registry.npmjs.org/etag/-/etag-1.8.1.tgz 0ms (cache hit)
509 http cache escape-html@https://registry.npmjs.org/escape-html/-/escape-html-1.0.3.tgz 0ms (cache hit)
510 http cache encodeurl@https://registry.npmjs.org/encodeurl/-/encodeurl-2.0.0.tgz 0ms (cache hit)
511 http cache depd@https://registry.npmjs.org/depd/-/depd-2.0.0.tgz 0ms (cache hit)
512 http cache debug@https://registry.npmjs.org/debug/-/debug-4.4.3.tgz 0ms (cache hit)
513 http cache cookie-signature@https://registry.npmjs.org/cookie-signature/-/cookie-signature-1.2.2.tgz 1ms (cache hit)
514 http cache cookie@https://registry.npmjs.org/cookie/-/cookie-0.7.2.tgz 0ms (cache hit)
515 http cache content-type@https://registry.npmjs.org/content-type/-/content-type-1.0.5.tgz 0ms (cache hit)
516 http cache body-parser@https://registry.npmjs.org/body-parser/-/body-parser-2.2.2.tgz 1ms (cache hit)
517 http cache content-disposition@https://registry.npmjs.org/content-disposition/-/content-disposition-1.0.1.tgz 0ms (cache hit)
518 http cache accepts@https://registry.npmjs.org/accepts/-/accepts-2.0.0.tgz 0ms (cache hit)
519 http cache pg@https://registry.npmjs.org/pg/-/pg-8.20.0.tgz 0ms (cache hit)
520 http cache dunder-proto@https://registry.npmjs.org/dunder-proto/-/dunder-proto-1.0.1.tgz 0ms (cache hit)
521 http cache express@https://registry.npmjs.org/express/-/express-5.2.1.tgz 0ms (cache hit)
522 silly tarball no local data for path-to-regexp@https://registry.npmjs.org/path-to-regexp/-/path-to-regexp-8.4.2.tgz. Extracting by manifest.
523 http fetch POST 200 https://registry.npmjs.org/-/npm/v1/security/advisories/bulk 921ms
524 silly audit report {}
525 http fetch GET 200 https://registry.npmjs.org/path-to-regexp/-/path-to-regexp-8.4.2.tgz 1056ms (cache miss)
526 silly ADD node_modules/media-typer
527 silly ADD node_modules/dunder-proto
528 silly ADD node_modules/math-intrinsics
529 silly ADD node_modules/hasown
530 silly ADD node_modules/has-symbols
531 silly ADD node_modules/gopd
532 silly ADD node_modules/get-proto
533 silly ADD node_modules/es-object-atoms
534 silly ADD node_modules/es-define-property
535 silly ADD node_modules/function-bind
536 silly ADD node_modules/call-bind-apply-helpers
537 silly ADD node_modules/get-intrinsic
538 silly ADD node_modules/call-bound
539 silly ADD node_modules/side-channel-weakmap
540 silly ADD node_modules/side-channel-map
541 silly ADD node_modules/side-channel-list
542 silly ADD node_modules/object-inspect
543 silly ADD node_modules/es-errors
544 silly ADD node_modules/path-to-regexp
545 silly ADD node_modules/is-promise
546 silly ADD node_modules/unpipe
547 silly ADD node_modules/side-channel
548 silly ADD node_modules/ipaddr.js
549 silly ADD node_modules/forwarded
550 silly ADD node_modules/xtend
551 silly ADD node_modules/split2
552 silly ADD node_modules/postgres-interval
553 silly ADD node_modules/postgres-date
554 silly ADD node_modules/postgres-bytea
555 silly ADD node_modules/postgres-array
556 silly ADD node_modules/pg-int8
557 silly ADD node_modules/pgpass
558 silly ADD node_modules/pg-types
559 silly ADD node_modules/pg-protocol
560 silly ADD node_modules/pg-pool
561 silly ADD node_modules/pg-connection-string
562 silly ADD node_modules/pg-cloudflare
563 silly ADD node_modules/wrappy
564 silly ADD node_modules/ee-first
565 silly ADD node_modules/mime-db
566 silly ADD node_modules/safer-buffer
567 silly ADD node_modules/toidentifier
568 silly ADD node_modules/setprototypeof
569 silly ADD node_modules/inherits
570 silly ADD node_modules/ms
571 silly ADD node_modules/raw-body
572 silly ADD node_modules/iconv-lite
573 silly ADD node_modules/bytes
574 silly ADD node_modules/negotiator
575 silly ADD node_modules/vary
576 silly ADD node_modules/type-is
577 silly ADD node_modules/statuses
578 silly ADD node_modules/serve-static
579 silly ADD node_modules/send
580 silly ADD node_modules/router
581 silly ADD node_modules/range-parser
582 silly ADD node_modules/qs
583 silly ADD node_modules/proxy-addr
584 silly ADD node_modules/parseurl
585 silly ADD node_modules/once
586 silly ADD node_modules/on-finished
587 silly ADD node_modules/mime-types
588 silly ADD node_modules/merge-descriptors
589 silly ADD node_modules/http-errors
590 silly ADD node_modules/fresh
591 silly ADD node_modules/finalhandler
592 silly ADD node_modules/etag
593 silly ADD node_modules/escape-html
594 silly ADD node_modules/encodeurl
595 silly ADD node_modules/depd
596 silly ADD node_modules/debug
597 silly ADD node_modules/cookie-signature
598 silly ADD node_modules/cookie
599 silly ADD node_modules/content-type
600 silly ADD node_modules/content-disposition
601 silly ADD node_modules/body-parser
602 silly ADD node_modules/accepts
603 silly ADD node_modules/pg
604 silly ADD node_modules/express
605 verbose cwd /data/data/com.termux/files/home/molina-ai-platform
606 verbose os Linux 5.10.237-android12-9-00013-gd09ef2e980e0-ab13968955
607 verbose node v24.14.1
608 verbose npm  v11.12.1
609 verbose exit 0
610 info ok
