0 verbose cli /data/data/com.termux/files/usr/bin/node /data/data/com.termux/files/usr/bin/npm
1 info using npm@11.12.1
2 info using node@v24.14.1
3 silly config load:file:/data/data/com.termux/files/usr/lib/node_modules/npm/npmrc
4 silly config load:file:/data/data/com.termux/files/home/molina-ai-platform/.npmrc
5 silly config load:file:/data/data/com.termux/files/home/.npmrc
6 silly config load:file:/data/data/com.termux/files/usr/etc/npmrc
7 verbose title npm install express
8 verbose argv "install" "express"
9 verbose logfile logs-max:10 dir:/data/data/com.termux/files/home/.npm/_logs/2026-04-14T01_38_52_944Z-
10 verbose logfile /data/data/com.termux/files/home/.npm/_logs/2026-04-14T01_38_52_944Z-debug-0.log
11 silly logfile start cleaning logs, removing 1 files
12 silly logfile done cleaning log files
13 silly packumentCache heap:1174405120 maxSize:293601280 maxEntrySize:146800640
14 silly idealTree buildDeps
15 silly fetch manifest express@^5.2.1
16 silly packumentCache full:https://registry.npmjs.org/express cache-miss
17 http fetch GET 200 https://registry.npmjs.org/express 736ms (cache revalidated)
18 silly packumentCache full:https://registry.npmjs.org/express set size:801257 disposed:false
19 silly placeDep ROOT express@5.2.1 REPLACE for: molina-ai-platform@1.0.0 want: ^5.2.1
20 silly reify moves {}
21 silly audit bulk request {
21 silly audit   accepts: [ '2.0.0' ],
21 silly audit   'body-parser': [ '2.2.2' ],
21 silly audit   bytes: [ '3.1.2' ],
21 silly audit   'call-bind-apply-helpers': [ '1.0.2' ],
21 silly audit   'call-bound': [ '1.0.4' ],
21 silly audit   'content-disposition': [ '1.0.1' ],
21 silly audit   'content-type': [ '1.0.5' ],
21 silly audit   cookie: [ '0.7.2' ],
21 silly audit   'cookie-signature': [ '1.2.2' ],
21 silly audit   debug: [ '4.4.3' ],
21 silly audit   depd: [ '2.0.0' ],
21 silly audit   'dunder-proto': [ '1.0.1' ],
21 silly audit   'ee-first': [ '1.1.1' ],
21 silly audit   encodeurl: [ '2.0.0' ],
21 silly audit   'es-define-property': [ '1.0.1' ],
21 silly audit   'es-errors': [ '1.3.0' ],
21 silly audit   'es-object-atoms': [ '1.1.1' ],
21 silly audit   'escape-html': [ '1.0.3' ],
21 silly audit   etag: [ '1.8.1' ],
21 silly audit   finalhandler: [ '2.1.1' ],
21 silly audit   forwarded: [ '0.2.0' ],
21 silly audit   fresh: [ '2.0.0' ],
21 silly audit   'function-bind': [ '1.1.2' ],
21 silly audit   'get-intrinsic': [ '1.3.0' ],
21 silly audit   'get-proto': [ '1.0.1' ],
21 silly audit   gopd: [ '1.2.0' ],
21 silly audit   'has-symbols': [ '1.1.0' ],
21 silly audit   hasown: [ '2.0.2' ],
21 silly audit   'http-errors': [ '2.0.1' ],
21 silly audit   'iconv-lite': [ '0.7.2' ],
21 silly audit   inherits: [ '2.0.4' ],
21 silly audit   'ipaddr.js': [ '1.9.1' ],
21 silly audit   'is-promise': [ '4.0.0' ],
21 silly audit   'math-intrinsics': [ '1.1.0' ],
21 silly audit   'media-typer': [ '1.1.0' ],
21 silly audit   'merge-descriptors': [ '2.0.0' ],
21 silly audit   'mime-db': [ '1.54.0' ],
21 silly audit   'mime-types': [ '3.0.2' ],
21 silly audit   ms: [ '2.1.3' ],
21 silly audit   negotiator: [ '1.0.0' ],
21 silly audit   'object-inspect': [ '1.13.4' ],
21 silly audit   'on-finished': [ '2.4.1' ],
21 silly audit   once: [ '1.4.0' ],
21 silly audit   parseurl: [ '1.3.3' ],
21 silly audit   'path-to-regexp': [ '8.4.2' ],
21 silly audit   pg: [ '8.20.0' ],
21 silly audit   'pg-cloudflare': [ '1.3.0' ],
21 silly audit   'pg-connection-string': [ '2.12.0' ],
21 silly audit   'pg-int8': [ '1.0.1' ],
21 silly audit   'pg-pool': [ '3.13.0' ],
21 silly audit   'pg-protocol': [ '1.13.0' ],
21 silly audit   'pg-types': [ '2.2.0' ],
21 silly audit   pgpass: [ '1.0.5' ],
21 silly audit   'postgres-array': [ '2.0.0' ],
21 silly audit   'postgres-bytea': [ '1.0.1' ],
21 silly audit   'postgres-date': [ '1.0.7' ],
21 silly audit   'postgres-interval': [ '1.2.0' ],
21 silly audit   'proxy-addr': [ '2.0.7' ],
21 silly audit   qs: [ '6.15.0' ],
21 silly audit   'range-parser': [ '1.2.1' ],
21 silly audit   'raw-body': [ '3.0.2' ],
21 silly audit   router: [ '2.2.0' ],
21 silly audit   'safer-buffer': [ '2.1.2' ],
21 silly audit   send: [ '1.2.1' ],
21 silly audit   'serve-static': [ '2.2.1' ],
21 silly audit   setprototypeof: [ '1.2.0' ],
21 silly audit   'side-channel': [ '1.1.0' ],
21 silly audit   'side-channel-list': [ '1.0.0' ],
21 silly audit   'side-channel-map': [ '1.0.1' ],
21 silly audit   'side-channel-weakmap': [ '1.0.2' ],
21 silly audit   split2: [ '4.2.0' ],
21 silly audit   statuses: [ '2.0.2' ],
21 silly audit   toidentifier: [ '1.0.1' ],
21 silly audit   'type-is': [ '2.0.1' ],
21 silly audit   unpipe: [ '1.0.0' ],
21 silly audit   vary: [ '1.1.2' ],
21 silly audit   wrappy: [ '1.0.2' ],
21 silly audit   xtend: [ '4.0.2' ],
21 silly audit   express: [ '5.2.1' ]
21 silly audit }
22 http fetch GET 200 https://registry.npmjs.org/npm 1365ms
23 http fetch POST 200 https://registry.npmjs.org/-/npm/v1/security/advisories/bulk 415ms
24 silly audit report {}
25 verbose cwd /data/data/com.termux/files/home/molina-ai-platform
26 verbose os Linux 5.10.237-android12-9-00014-gf82f7360927e-ab14119954
27 verbose node v24.14.1
28 verbose npm  v11.12.1
29 verbose exit 0
30 info ok
