=== MOLINA HOLDINGS: ESTRATEGIA MATEMÁTICA M82 ===

[NVDA]
 > Kelly Opt: 30.40% del capital
 > Asignación: $304,000.00
 > Unidades: 2134.0821

[BTC]
 > Kelly Opt: 20.00% del capital
 > Asignación: $200,000.00
 > Unidades: 2.8432

[GOLD]
 > Kelly Opt: 16.67% del capital
 > Asignación: $166,666.67
 > Unidades: 71.0702

ALERTA M82: DXY en 104.15. Si DXY > 105.00, reducir exposición en 15%.
=== MOLINA HOLDINGS: ESTRATEGIA MATEMÁTICA M82 ===

[NVDA]
 > Kelly Opt: 30.40% del capital
 > Asignación: $304,000.00
 > Unidades: 2134.0821

[BTC]
 > Kelly Opt: 20.00% del capital
 > Asignación: $200,000.00
 > Unidades: 2.8432

[GOLD]
 > Kelly Opt: 16.67% del capital
 > Asignación: $166,666.67
 > Unidades: 71.0702

ALERTA M82: DXY en 104.15. Si DXY > 105.00, reducir exposición en 15%.
=== MOLINA HOLDINGS: ESTRATEGIA MATEMÁTICA M82 ===

[NVDA]
 > Kelly Opt: 30.40% del capital
 > Asignación: $304,000.00
 > Unidades: 2134.0821

[BTC]
 > Kelly Opt: 20.00% del capital
 > Asignación: $200,000.00
 > Unidades: 2.8432

[GOLD]
 > Kelly Opt: 16.67% del capital
 > Asignación: $166,666.67
 > Unidades: 71.0702

ALERTA M82: DXY en 104.15. Si DXY > 105.00, reducir exposición en 15%.
=== MOLINA HOLDINGS: ESTRATEGIA MATEMÁTICA M82 ===

[NVDA]
 > Kelly Opt: 30.40% del capital
 > Asignación: $304,000.00
 > Unidades: 2134.0821

[BTC]
 > Kelly Opt: 20.00% del capital
 > Asignación: $200,000.00
 > Unidades: 2.8432

[GOLD]
 > Kelly Opt: 16.67% del capital
 > Asignación: $166,666.67
 > Unidades: 71.0702

ALERTA M82: DXY en 104.15. Si DXY > 105.00, reducir exposición en 15%.
=== MOLINA HOLDINGS: ESTRATEGIA MATEMÁTICA M82 ===

[NVDA]
 > Kelly Opt: 30.40% del capital
 > Asignación: $304,000.00
 > Unidades: 2134.0821

[BTC]
 > Kelly Opt: 20.00% del capital
 > Asignación: $200,000.00
 > Unidades: 2.8432

[GOLD]
 > Kelly Opt: 16.67% del capital
 > Asignación: $166,666.67
 > Unidades: 71.0702

ALERTA M82: DXY en 104.15. Si DXY > 105.00, reducir exposición en 15%.
=== MOLINA HOLDINGS: ESTRATEGIA MATEMÁTICA M82 ===

[NVDA]
 > Kelly Opt: 30.40% del capital
 > Asignación: $304,000.00
 > Unidades: 2134.0821

[BTC]
 > Kelly Opt: 20.00% del capital
 > Asignación: $200,000.00
 > Unidades: 2.8432

[GOLD]
 > Kelly Opt: 16.67% del capital
 > Asignación: $166,666.67
 > Unidades: 71.0702

ALERTA M82: DXY en 104.15. Si DXY > 105.00, reducir exposición en 15%.
=== MOLINA HOLDINGS: ESTRATEGIA MATEMÁTICA M82 ===

[NVDA]
 > Kelly Opt: 30.40% del capital
 > Asignación: $304,000.00
 > Unidades: 2134.0821

[BTC]
 > Kelly Opt: 20.00% del capital
 > Asignación: $200,000.00
 > Unidades: 2.8432

[GOLD]
 > Kelly Opt: 16.67% del capital
 > Asignación: $166,666.67
 > Unidades: 71.0702

ALERTA M82: DXY en 104.15. Si DXY > 105.00, reducir exposición en 15%.
=== MOLINA HOLDINGS: ESTRATEGIA MATEMÁTICA M82 ===

[NVDA]
 > Kelly Opt: 30.40% del capital
 > Asignación: $304,000.00
 > Unidades: 2134.0821

[BTC]
 > Kelly Opt: 20.00% del capital
 > Asignación: $200,000.00
 > Unidades: 2.8432

[GOLD]
 > Kelly Opt: 16.67% del capital
 > Asignación: $166,666.67
 > Unidades: 71.0702

ALERTA M82: DXY en 104.15. Si DXY > 105.00, reducir exposición en 15%.
=== MOLINA HOLDINGS: ESTRATEGIA MATEMÁTICA M82 ===

[NVDA]
 > Kelly Opt: 30.40% del capital
 > Asignación: $304,000.00
 > Unidades: 2134.0821

[BTC]
 > Kelly Opt: 20.00% del capital
 > Asignación: $200,000.00
 > Unidades: 2.8432

[GOLD]
 > Kelly Opt: 16.67% del capital
 > Asignación: $166,666.67
 > Unidades: 71.0702

ALERTA M82: DXY en 104.15. Si DXY > 105.00, reducir exposición en 15%.
=== MOLINA HOLDINGS: ESTRATEGIA MATEMÁTICA M82 ===

[NVDA]
 > Kelly Opt: 30.40% del capital
 > Asignación: $304,000.00
 > Unidades: 2134.0821

[BTC]
 > Kelly Opt: 20.00% del capital
 > Asignación: $200,000.00
 > Unidades: 2.8432

[GOLD]
 > Kelly Opt: 16.67% del capital
 > Asignación: $166,666.67
 > Unidades: 71.0702

ALERTA M82: DXY en 104.15. Si DXY > 105.00, reducir exposición en 15%.
=== MOLINA HOLDINGS: ESTRATEGIA MATEMÁTICA M82 ===

[NVDA]
 > Kelly Opt: 30.40% del capital
 > Asignación: $304,000.00
 > Unidades: 2134.0821

[BTC]
 > Kelly Opt: 20.00% del capital
 > Asignación: $200,000.00
 > Unidades: 2.8432

[GOLD]
 > Kelly Opt: 16.67% del capital
 > Asignación: $166,666.67
 > Unidades: 71.0702

ALERTA M82: DXY en 104.15. Si DXY > 105.00, reducir exposición en 15%.
=== MOLINA HOLDINGS: ESTRATEGIA MATEMÁTICA M82 ===

[NVDA]
 > Kelly Opt: 30.40% del capital
 > Asignación: $304,000.00
 > Unidades: 2134.0821

[BTC]
 > Kelly Opt: 20.00% del capital
 > Asignación: $200,000.00
 > Unidades: 2.8432

[GOLD]
 > Kelly Opt: 16.67% del capital
 > Asignación: $166,666.67
 > Unidades: 71.0702

ALERTA M82: DXY en 104.15. Si DXY > 105.00, reducir exposición en 15%.
=== MOLINA HOLDINGS: ESTRATEGIA MATEMÁTICA M82 ===

[NVDA]
 > Kelly Opt: 30.40% del capital
 > Asignación: $304,000.00
 > Unidades: 2134.0821

[BTC]
 > Kelly Opt: 20.00% del capital
 > Asignación: $200,000.00
 > Unidades: 2.8432

[GOLD]
 > Kelly Opt: 16.67% del capital
 > Asignación: $166,666.67
 > Unidades: 71.0702

ALERTA M82: DXY en 104.15. Si DXY > 105.00, reducir exposición en 15%.
=== MOLINA HOLDINGS: ESTRATEGIA MATEMÁTICA M82 ===

[NVDA]
 > Kelly Opt: 30.40% del capital
 > Asignación: $304,000.00
 > Unidades: 2134.0821

[BTC]
 > Kelly Opt: 20.00% del capital
 > Asignación: $200,000.00
 > Unidades: 2.8432

[GOLD]
 > Kelly Opt: 16.67% del capital
 > Asignación: $166,666.67
 > Unidades: 71.0702

ALERTA M82: DXY en 104.15. Si DXY > 105.00, reducir exposición en 15%.
=== MOLINA HOLDINGS: ESTRATEGIA MATEMÁTICA M82 ===

[NVDA]
 > Kelly Opt: 30.40% del capital
 > Asignación: $304,000.00
 > Unidades: 2134.0821

[BTC]
 > Kelly Opt: 20.00% del capital
 > Asignación: $200,000.00
 > Unidades: 2.8432

[GOLD]
 > Kelly Opt: 16.67% del capital
 > Asignación: $166,666.67
 > Unidades: 71.0702

ALERTA M82: DXY en 104.15. Si DXY > 105.00, reducir exposición en 15%.
=== MOLINA HOLDINGS: ESTRATEGIA MATEMÁTICA M82 ===

[NVDA]
 > Kelly Opt: 30.40% del capital
 > Asignación: $304,000.00
 > Unidades: 2134.0821

[BTC]
 > Kelly Opt: 20.00% del capital
 > Asignación: $200,000.00
 > Unidades: 2.8432

[GOLD]
 > Kelly Opt: 16.67% del capital
 > Asignación: $166,666.67
 > Unidades: 71.0702

ALERTA M82: DXY en 104.15. Si DXY > 105.00, reducir exposición en 15%.
=== MOLINA HOLDINGS: ESTRATEGIA MATEMÁTICA M82 ===

[NVDA]
 > Kelly Opt: 30.40% del capital
 > Asignación: $304,000.00
 > Unidades: 2134.0821

[BTC]
 > Kelly Opt: 20.00% del capital
 > Asignación: $200,000.00
 > Unidades: 2.8432

[GOLD]
 > Kelly Opt: 16.67% del capital
 > Asignación: $166,666.67
 > Unidades: 71.0702

ALERTA M82: DXY en 104.15. Si DXY > 105.00, reducir exposición en 15%.
=== MOLINA HOLDINGS: ESTRATEGIA MATEMÁTICA M82 ===

[NVDA]
 > Kelly Opt: 30.40% del capital
 > Asignación: $304,000.00
 > Unidades: 2134.0821

[BTC]
 > Kelly Opt: 20.00% del capital
 > Asignación: $200,000.00
 > Unidades: 2.8432

[GOLD]
 > Kelly Opt: 16.67% del capital
 > Asignación: $166,666.67
 > Unidades: 71.0702

ALERTA M82: DXY en 104.15. Si DXY > 105.00, reducir exposición en 15%.
=== MOLINA HOLDINGS: ESTRATEGIA MATEMÁTICA M82 ===

[NVDA]
 > Kelly Opt: 30.40% del capital
 > Asignación: $304,000.00
 > Unidades: 2134.0821

[BTC]
 > Kelly Opt: 20.00% del capital
 > Asignación: $200,000.00
 > Unidades: 2.8432

[GOLD]
 > Kelly Opt: 16.67% del capital
 > Asignación: $166,666.67
 > Unidades: 71.0702

ALERTA M82: DXY en 104.15. Si DXY > 105.00, reducir exposición en 15%.
=== MOLINA HOLDINGS: ESTRATEGIA MATEMÁTICA M82 ===

[NVDA]
 > Kelly Opt: 30.40% del capital
 > Asignación: $304,000.00
 > Unidades: 2134.0821

[BTC]
 > Kelly Opt: 20.00% del capital
 > Asignación: $200,000.00
 > Unidades: 2.8432

[GOLD]
 > Kelly Opt: 16.67% del capital
 > Asignación: $166,666.67
 > Unidades: 71.0702

ALERTA M82: DXY en 104.15. Si DXY > 105.00, reducir exposición en 15%.
=== MOLINA HOLDINGS: ESTRATEGIA MATEMÁTICA M82 ===

[NVDA]
 > Kelly Opt: 30.40% del capital
 > Asignación: $304,000.00
 > Unidades: 2134.0821

[BTC]
 > Kelly Opt: 20.00% del capital
 > Asignación: $200,000.00
 > Unidades: 2.8432

[GOLD]
 > Kelly Opt: 16.67% del capital
 > Asignación: $166,666.67
 > Unidades: 71.0702

ALERTA M82: DXY en 104.15. Si DXY > 105.00, reducir exposición en 15%.
=== MOLINA HOLDINGS: ESTRATEGIA MATEMÁTICA M82 ===

[NVDA]
 > Kelly Opt: 30.40% del capital
 > Asignación: $304,000.00
 > Unidades: 2134.0821

[BTC]
 > Kelly Opt: 20.00% del capital
 > Asignación: $200,000.00
 > Unidades: 2.8432

[GOLD]
 > Kelly Opt: 16.67% del capital
 > Asignación: $166,666.67
 > Unidades: 71.0702

ALERTA M82: DXY en 104.15. Si DXY > 105.00, reducir exposición en 15%.
=== MOLINA HOLDINGS: ESTRATEGIA MATEMÁTICA M82 ===

[NVDA]
 > Kelly Opt: 30.40% del capital
 > Asignación: $304,000.00
 > Unidades: 2134.0821

[BTC]
 > Kelly Opt: 20.00% del capital
 > Asignación: $200,000.00
 > Unidades: 2.8432

[GOLD]
 > Kelly Opt: 16.67% del capital
 > Asignación: $166,666.67
 > Unidades: 71.0702

ALERTA M82: DXY en 104.15. Si DXY > 105.00, reducir exposición en 15%.
=== MOLINA HOLDINGS: ESTRATEGIA MATEMÁTICA M82 ===

[NVDA]
 > Kelly Opt: 30.40% del capital
 > Asignación: $304,000.00
 > Unidades: 2134.0821

[BTC]
 > Kelly Opt: 20.00% del capital
 > Asignación: $200,000.00
 > Unidades: 2.8432

[GOLD]
 > Kelly Opt: 16.67% del capital
 > Asignación: $166,666.67
 > Unidades: 71.0702

ALERTA M82: DXY en 104.15. Si DXY > 105.00, reducir exposición en 15%.
=== MOLINA HOLDINGS: ESTRATEGIA MATEMÁTICA M82 ===

[NVDA]
 > Kelly Opt: 30.40% del capital
 > Asignación: $304,000.00
 > Unidades: 2134.0821

[BTC]
 > Kelly Opt: 20.00% del capital
 > Asignación: $200,000.00
 > Unidades: 2.8432

[GOLD]
 > Kelly Opt: 16.67% del capital
 > Asignación: $166,666.67
 > Unidades: 71.0702

ALERTA M82: DXY en 104.15. Si DXY > 105.00, reducir exposición en 15%.
=== MOLINA HOLDINGS: ESTRATEGIA MATEMÁTICA M82 ===

[NVDA]
 > Kelly Opt: 30.40% del capital
 > Asignación: $304,000.00
 > Unidades: 2134.0821

[BTC]
 > Kelly Opt: 20.00% del capital
 > Asignación: $200,000.00
 > Unidades: 2.8432

[GOLD]
 > Kelly Opt: 16.67% del capital
 > Asignación: $166,666.67
 > Unidades: 71.0702

ALERTA M82: DXY en 104.15. Si DXY > 105.00, reducir exposición en 15%.
=== MOLINA HOLDINGS: ESTRATEGIA MATEMÁTICA M82 ===

[NVDA]
 > Kelly Opt: 30.40% del capital
 > Asignación: $304,000.00
 > Unidades: 2134.0821

[BTC]
 > Kelly Opt: 20.00% del capital
 > Asignación: $200,000.00
 > Unidades: 2.8432

[GOLD]
 > Kelly Opt: 16.67% del capital
 > Asignación: $166,666.67
 > Unidades: 71.0702

ALERTA M82: DXY en 104.15. Si DXY > 105.00, reducir exposición en 15%.
=== MOLINA HOLDINGS: ESTRATEGIA MATEMÁTICA M82 ===

[NVDA]
 > Kelly Opt: 30.40% del capital
 > Asignación: $304,000.00
 > Unidades: 2134.0821

[BTC]
 > Kelly Opt: 20.00% del capital
 > Asignación: $200,000.00
 > Unidades: 2.8432

[GOLD]
 > Kelly Opt: 16.67% del capital
 > Asignación: $166,666.67
 > Unidades: 71.0702

ALERTA M82: DXY en 104.15. Si DXY > 105.00, reducir exposición en 15%.
=== MOLINA HOLDINGS: ESTRATEGIA MATEMÁTICA M82 ===

[NVDA]
 > Kelly Opt: 30.40% del capital
 > Asignación: $304,000.00
 > Unidades: 2134.0821

[BTC]
 > Kelly Opt: 20.00% del capital
 > Asignación: $200,000.00
 > Unidades: 2.8432

[GOLD]
 > Kelly Opt: 16.67% del capital
 > Asignación: $166,666.67
 > Unidades: 71.0702

ALERTA M82: DXY en 104.15. Si DXY > 105.00, reducir exposición en 15%.
=== MOLINA HOLDINGS: ESTRATEGIA MATEMÁTICA M82 ===

[NVDA]
 > Kelly Opt: 30.40% del capital
 > Asignación: $304,000.00
 > Unidades: 2134.0821

[BTC]
 > Kelly Opt: 20.00% del capital
 > Asignación: $200,000.00
 > Unidades: 2.8432

[GOLD]
 > Kelly Opt: 16.67% del capital
 > Asignación: $166,666.67
 > Unidades: 71.0702

ALERTA M82: DXY en 104.15. Si DXY > 105.00, reducir exposición en 15%.
=== MOLINA HOLDINGS: ESTRATEGIA MATEMÁTICA M82 ===

[NVDA]
 > Kelly Opt: 30.40% del capital
 > Asignación: $304,000.00
 > Unidades: 2134.0821

[BTC]
 > Kelly Opt: 20.00% del capital
 > Asignación: $200,000.00
 > Unidades: 2.8432

[GOLD]
 > Kelly Opt: 16.67% del capital
 > Asignación: $166,666.67
 > Unidades: 71.0702

ALERTA M82: DXY en 104.15. Si DXY > 105.00, reducir exposición en 15%.
=== MOLINA HOLDINGS: ESTRATEGIA MATEMÁTICA M82 ===

[NVDA]
 > Kelly Opt: 30.40% del capital
 > Asignación: $304,000.00
 > Unidades: 2134.0821

[BTC]
 > Kelly Opt: 20.00% del capital
 > Asignación: $200,000.00
 > Unidades: 2.8432

[GOLD]
 > Kelly Opt: 16.67% del capital
 > Asignación: $166,666.67
 > Unidades: 71.0702

ALERTA M82: DXY en 104.15. Si DXY > 105.00, reducir exposición en 15%.
=== MOLINA HOLDINGS: ESTRATEGIA MATEMÁTICA M82 ===

[NVDA]
 > Kelly Opt: 30.40% del capital
 > Asignación: $304,000.00
 > Unidades: 2134.0821

[BTC]
 > Kelly Opt: 20.00% del capital
 > Asignación: $200,000.00
 > Unidades: 2.8432

[GOLD]
 > Kelly Opt: 16.67% del capital
 > Asignación: $166,666.67
 > Unidades: 71.0702

ALERTA M82: DXY en 104.15. Si DXY > 105.00, reducir exposición en 15%.
=== MOLINA HOLDINGS: ESTRATEGIA MATEMÁTICA M82 ===

[NVDA]
 > Kelly Opt: 30.40% del capital
 > Asignación: $304,000.00
 > Unidades: 2134.0821

[BTC]
 > Kelly Opt: 20.00% del capital
 > Asignación: $200,000.00
 > Unidades: 2.8432

[GOLD]
 > Kelly Opt: 16.67% del capital
 > Asignación: $166,666.67
 > Unidades: 71.0702

ALERTA M82: DXY en 104.15. Si DXY > 105.00, reducir exposición en 15%.
=== MOLINA HOLDINGS: ESTRATEGIA MATEMÁTICA M82 ===

[NVDA]
 > Kelly Opt: 30.40% del capital
 > Asignación: $304,000.00
 > Unidades: 2134.0821

[BTC]
 > Kelly Opt: 20.00% del capital
 > Asignación: $200,000.00
 > Unidades: 2.8432

[GOLD]
 > Kelly Opt: 16.67% del capital
 > Asignación: $166,666.67
 > Unidades: 71.0702

ALERTA M82: DXY en 104.15. Si DXY > 105.00, reducir exposición en 15%.
=== MOLINA HOLDINGS: ESTRATEGIA MATEMÁTICA M82 ===

[NVDA]
 > Kelly Opt: 30.40% del capital
 > Asignación: $304,000.00
 > Unidades: 2134.0821

[BTC]
 > Kelly Opt: 20.00% del capital
 > Asignación: $200,000.00
 > Unidades: 2.8432

[GOLD]
 > Kelly Opt: 16.67% del capital
 > Asignación: $166,666.67
 > Unidades: 71.0702

ALERTA M82: DXY en 104.15. Si DXY > 105.00, reducir exposición en 15%.
=== MOLINA HOLDINGS: ESTRATEGIA MATEMÁTICA M82 ===

[NVDA]
 > Kelly Opt: 30.40% del capital
 > Asignación: $304,000.00
 > Unidades: 2134.0821

[BTC]
 > Kelly Opt: 20.00% del capital
 > Asignación: $200,000.00
 > Unidades: 2.8432

[GOLD]
 > Kelly Opt: 16.67% del capital
 > Asignación: $166,666.67
 > Unidades: 71.0702

ALERTA M82: DXY en 104.15. Si DXY > 105.00, reducir exposición en 15%.
=== MOLINA HOLDINGS: ESTRATEGIA MATEMÁTICA M82 ===

[NVDA]
 > Kelly Opt: 30.40% del capital
 > Asignación: $304,000.00
 > Unidades: 2134.0821

[BTC]
 > Kelly Opt: 20.00% del capital
 > Asignación: $200,000.00
 > Unidades: 2.8432

[GOLD]
 > Kelly Opt: 16.67% del capital
 > Asignación: $166,666.67
 > Unidades: 71.0702

ALERTA M82: DXY en 104.15. Si DXY > 105.00, reducir exposición en 15%.
=== MOLINA HOLDINGS: ESTRATEGIA MATEMÁTICA M82 ===

[NVDA]
 > Kelly Opt: 30.40% del capital
 > Asignación: $304,000.00
 > Unidades: 2134.0821

[BTC]
 > Kelly Opt: 20.00% del capital
 > Asignación: $200,000.00
 > Unidades: 2.8432

[GOLD]
 > Kelly Opt: 16.67% del capital
 > Asignación: $166,666.67
 > Unidades: 71.0702

ALERTA M82: DXY en 104.15. Si DXY > 105.00, reducir exposición en 15%.
=== MOLINA HOLDINGS: ESTRATEGIA MATEMÁTICA M82 ===

[NVDA]
 > Kelly Opt: 30.40% del capital
 > Asignación: $304,000.00
 > Unidades: 2134.0821

[BTC]
 > Kelly Opt: 20.00% del capital
 > Asignación: $200,000.00
 > Unidades: 2.8432

[GOLD]
 > Kelly Opt: 16.67% del capital
 > Asignación: $166,666.67
 > Unidades: 71.0702

ALERTA M82: DXY en 104.15. Si DXY > 105.00, reducir exposición en 15%.
=== MOLINA HOLDINGS: ESTRATEGIA MATEMÁTICA M82 ===

[NVDA]
 > Kelly Opt: 30.40% del capital
 > Asignación: $304,000.00
 > Unidades: 2134.0821

[BTC]
 > Kelly Opt: 20.00% del capital
 > Asignación: $200,000.00
 > Unidades: 2.8432

[GOLD]
 > Kelly Opt: 16.67% del capital
 > Asignación: $166,666.67
 > Unidades: 71.0702

ALERTA M82: DXY en 104.15. Si DXY > 105.00, reducir exposición en 15%.
=== MOLINA HOLDINGS: ESTRATEGIA MATEMÁTICA M82 ===

[NVDA]
 > Kelly Opt: 30.40% del capital
 > Asignación: $304,000.00
 > Unidades: 2134.0821

[BTC]
 > Kelly Opt: 20.00% del capital
 > Asignación: $200,000.00
 > Unidades: 2.8432

[GOLD]
 > Kelly Opt: 16.67% del capital
 > Asignación: $166,666.67
 > Unidades: 71.0702

ALERTA M82: DXY en 104.15. Si DXY > 105.00, reducir exposición en 15%.
=== MOLINA HOLDINGS: ESTRATEGIA MATEMÁTICA M82 ===

[NVDA]
 > Kelly Opt: 30.40% del capital
 > Asignación: $304,000.00
 > Unidades: 2134.0821

[BTC]
 > Kelly Opt: 20.00% del capital
 > Asignación: $200,000.00
 > Unidades: 2.8432

[GOLD]
 > Kelly Opt: 16.67% del capital
 > Asignación: $166,666.67
 > Unidades: 71.0702

ALERTA M82: DXY en 104.15. Si DXY > 105.00, reducir exposición en 15%.
=== MOLINA HOLDINGS: ESTRATEGIA MATEMÁTICA M82 ===

[NVDA]
 > Kelly Opt: 30.40% del capital
 > Asignación: $304,000.00
 > Unidades: 2134.0821

[BTC]
 > Kelly Opt: 20.00% del capital
 > Asignación: $200,000.00
 > Unidades: 2.8432

[GOLD]
 > Kelly Opt: 16.67% del capital
 > Asignación: $166,666.67
 > Unidades: 71.0702

ALERTA M82: DXY en 104.15. Si DXY > 105.00, reducir exposición en 15%.
=== MOLINA HOLDINGS: ESTRATEGIA MATEMÁTICA M82 ===

[NVDA]
 > Kelly Opt: 30.40% del capital
 > Asignación: $304,000.00
 > Unidades: 2134.0821

[BTC]
 > Kelly Opt: 20.00% del capital
 > Asignación: $200,000.00
 > Unidades: 2.8432

[GOLD]
 > Kelly Opt: 16.67% del capital
 > Asignación: $166,666.67
 > Unidades: 71.0702

ALERTA M82: DXY en 104.15. Si DXY > 105.00, reducir exposición en 15%.
=== MOLINA HOLDINGS: ESTRATEGIA MATEMÁTICA M82 ===

[NVDA]
 > Kelly Opt: 30.40% del capital
 > Asignación: $304,000.00
 > Unidades: 2134.0821

[BTC]
 > Kelly Opt: 20.00% del capital
 > Asignación: $200,000.00
 > Unidades: 2.8432

[GOLD]
 > Kelly Opt: 16.67% del capital
 > Asignación: $166,666.67
 > Unidades: 71.0702

ALERTA M82: DXY en 104.15. Si DXY > 105.00, reducir exposición en 15%.
=== MOLINA HOLDINGS: ESTRATEGIA MATEMÁTICA M82 ===

[NVDA]
 > Kelly Opt: 30.40% del capital
 > Asignación: $304,000.00
 > Unidades: 2134.0821

[BTC]
 > Kelly Opt: 20.00% del capital
 > Asignación: $200,000.00
 > Unidades: 2.8432

[GOLD]
 > Kelly Opt: 16.67% del capital
 > Asignación: $166,666.67
 > Unidades: 71.0702

ALERTA M82: DXY en 104.15. Si DXY > 105.00, reducir exposición en 15%.
=== MOLINA HOLDINGS: ESTRATEGIA MATEMÁTICA M82 ===

[NVDA]
 > Kelly Opt: 30.40% del capital
 > Asignación: $304,000.00
 > Unidades: 2134.0821

[BTC]
 > Kelly Opt: 20.00% del capital
 > Asignación: $200,000.00
 > Unidades: 2.8432

[GOLD]
 > Kelly Opt: 16.67% del capital
 > Asignación: $166,666.67
 > Unidades: 71.0702

ALERTA M82: DXY en 104.15. Si DXY > 105.00, reducir exposición en 15%.
=== MOLINA HOLDINGS: ESTRATEGIA MATEMÁTICA M82 ===

[NVDA]
 > Kelly Opt: 30.40% del capital
 > Asignación: $304,000.00
 > Unidades: 2134.0821

[BTC]
 > Kelly Opt: 20.00% del capital
 > Asignación: $200,000.00
 > Unidades: 2.8432

[GOLD]
 > Kelly Opt: 16.67% del capital
 > Asignación: $166,666.67
 > Unidades: 71.0702

ALERTA M82: DXY en 104.15. Si DXY > 105.00, reducir exposición en 15%.
=== MOLINA HOLDINGS: ESTRATEGIA MATEMÁTICA M82 ===

[NVDA]
 > Kelly Opt: 30.40% del capital
 > Asignación: $304,000.00
 > Unidades: 2134.0821

[BTC]
 > Kelly Opt: 20.00% del capital
 > Asignación: $200,000.00
 > Unidades: 2.8432

[GOLD]
 > Kelly Opt: 16.67% del capital
 > Asignación: $166,666.67
 > Unidades: 71.0702

ALERTA M82: DXY en 104.15. Si DXY > 105.00, reducir exposición en 15%.
=== MOLINA HOLDINGS: ESTRATEGIA MATEMÁTICA M82 ===

[NVDA]
 > Kelly Opt: 30.40% del capital
 > Asignación: $304,000.00
 > Unidades: 2134.0821

[BTC]
 > Kelly Opt: 20.00% del capital
 > Asignación: $200,000.00
 > Unidades: 2.8432

[GOLD]
 > Kelly Opt: 16.67% del capital
 > Asignación: $166,666.67
 > Unidades: 71.0702

ALERTA M82: DXY en 104.15. Si DXY > 105.00, reducir exposición en 15%.
=== MOLINA HOLDINGS: ESTRATEGIA MATEMÁTICA M82 ===

[NVDA]
 > Kelly Opt: 30.40% del capital
 > Asignación: $304,000.00
 > Unidades: 2134.0821

[BTC]
 > Kelly Opt: 20.00% del capital
 > Asignación: $200,000.00
 > Unidades: 2.8432

[GOLD]
 > Kelly Opt: 16.67% del capital
 > Asignación: $166,666.67
 > Unidades: 71.0702

ALERTA M82: DXY en 104.15. Si DXY > 105.00, reducir exposición en 15%.
=== MOLINA HOLDINGS: ESTRATEGIA MATEMÁTICA M82 ===

[NVDA]
 > Kelly Opt: 30.40% del capital
 > Asignación: $304,000.00
 > Unidades: 2134.0821

[BTC]
 > Kelly Opt: 20.00% del capital
 > Asignación: $200,000.00
 > Unidades: 2.8432

[GOLD]
 > Kelly Opt: 16.67% del capital
 > Asignación: $166,666.67
 > Unidades: 71.0702

ALERTA M82: DXY en 104.15. Si DXY > 105.00, reducir exposición en 15%.
=== MOLINA HOLDINGS: ESTRATEGIA MATEMÁTICA M82 ===

[NVDA]
 > Kelly Opt: 30.40% del capital
 > Asignación: $304,000.00
 > Unidades: 2134.0821

[BTC]
 > Kelly Opt: 20.00% del capital
 > Asignación: $200,000.00
 > Unidades: 2.8432

[GOLD]
 > Kelly Opt: 16.67% del capital
 > Asignación: $166,666.67
 > Unidades: 71.0702

ALERTA M82: DXY en 104.15. Si DXY > 105.00, reducir exposición en 15%.
=== MOLINA HOLDINGS: ESTRATEGIA MATEMÁTICA M82 ===

[NVDA]
 > Kelly Opt: 30.40% del capital
 > Asignación: $304,000.00
 > Unidades: 2134.0821

[BTC]
 > Kelly Opt: 20.00% del capital
 > Asignación: $200,000.00
 > Unidades: 2.8432

[GOLD]
 > Kelly Opt: 16.67% del capital
 > Asignación: $166,666.67
 > Unidades: 71.0702

ALERTA M82: DXY en 104.15. Si DXY > 105.00, reducir exposición en 15%.
=== MOLINA HOLDINGS: ESTRATEGIA MATEMÁTICA M82 ===

[NVDA]
 > Kelly Opt: 30.40% del capital
 > Asignación: $304,000.00
 > Unidades: 2134.0821

[BTC]
 > Kelly Opt: 20.00% del capital
 > Asignación: $200,000.00
 > Unidades: 2.8432

[GOLD]
 > Kelly Opt: 16.67% del capital
 > Asignación: $166,666.67
 > Unidades: 71.0702

ALERTA M82: DXY en 104.15. Si DXY > 105.00, reducir exposición en 15%.
=== MOLINA HOLDINGS: ESTRATEGIA MATEMÁTICA M82 ===

[NVDA]
 > Kelly Opt: 30.40% del capital
 > Asignación: $304,000.00
 > Unidades: 2134.0821

[BTC]
 > Kelly Opt: 20.00% del capital
 > Asignación: $200,000.00
 > Unidades: 2.8432

[GOLD]
 > Kelly Opt: 16.67% del capital
 > Asignación: $166,666.67
 > Unidades: 71.0702

ALERTA M82: DXY en 104.15. Si DXY > 105.00, reducir exposición en 15%.
=== MOLINA HOLDINGS: ESTRATEGIA MATEMÁTICA M82 ===

[NVDA]
 > Kelly Opt: 30.40% del capital
 > Asignación: $304,000.00
 > Unidades: 2134.0821

[BTC]
 > Kelly Opt: 20.00% del capital
 > Asignación: $200,000.00
 > Unidades: 2.8432

[GOLD]
 > Kelly Opt: 16.67% del capital
 > Asignación: $166,666.67
 > Unidades: 71.0702

ALERTA M82: DXY en 104.15. Si DXY > 105.00, reducir exposición en 15%.
=== MOLINA HOLDINGS: ESTRATEGIA MATEMÁTICA M82 ===

[NVDA]
 > Kelly Opt: 30.40% del capital
 > Asignación: $304,000.00
 > Unidades: 2134.0821

[BTC]
 > Kelly Opt: 20.00% del capital
 > Asignación: $200,000.00
 > Unidades: 2.8432

[GOLD]
 > Kelly Opt: 16.67% del capital
 > Asignación: $166,666.67
 > Unidades: 71.0702

ALERTA M82: DXY en 104.15. Si DXY > 105.00, reducir exposición en 15%.
=== MOLINA HOLDINGS: ESTRATEGIA MATEMÁTICA M82 ===

[NVDA]
 > Kelly Opt: 30.40% del capital
 > Asignación: $304,000.00
 > Unidades: 2134.0821

[BTC]
 > Kelly Opt: 20.00% del capital
 > Asignación: $200,000.00
 > Unidades: 2.8432

[GOLD]
 > Kelly Opt: 16.67% del capital
 > Asignación: $166,666.67
 > Unidades: 71.0702

ALERTA M82: DXY en 104.15. Si DXY > 105.00, reducir exposición en 15%.
=== MOLINA HOLDINGS: ESTRATEGIA MATEMÁTICA M82 ===

[NVDA]
 > Kelly Opt: 30.40% del capital
 > Asignación: $304,000.00
 > Unidades: 2134.0821

[BTC]
 > Kelly Opt: 20.00% del capital
 > Asignación: $200,000.00
 > Unidades: 2.8432

[GOLD]
 > Kelly Opt: 16.67% del capital
 > Asignación: $166,666.67
 > Unidades: 71.0702

ALERTA M82: DXY en 104.15. Si DXY > 105.00, reducir exposición en 15%.
=== MOLINA HOLDINGS: ESTRATEGIA MATEMÁTICA M82 ===

[NVDA]
 > Kelly Opt: 30.40% del capital
 > Asignación: $304,000.00
 > Unidades: 2134.0821

[BTC]
 > Kelly Opt: 20.00% del capital
 > Asignación: $200,000.00
 > Unidades: 2.8432

[GOLD]
 > Kelly Opt: 16.67% del capital
 > Asignación: $166,666.67
 > Unidades: 71.0702

ALERTA M82: DXY en 104.15. Si DXY > 105.00, reducir exposición en 15%.
=== MOLINA HOLDINGS: ESTRATEGIA MATEMÁTICA M82 ===

[NVDA]
 > Kelly Opt: 30.40% del capital
 > Asignación: $304,000.00
 > Unidades: 2134.0821

[BTC]
 > Kelly Opt: 20.00% del capital
 > Asignación: $200,000.00
 > Unidades: 2.8432

[GOLD]
 > Kelly Opt: 16.67% del capital
 > Asignación: $166,666.67
 > Unidades: 71.0702

ALERTA M82: DXY en 104.15. Si DXY > 105.00, reducir exposición en 15%.
=== MOLINA HOLDINGS: ESTRATEGIA MATEMÁTICA M82 ===

[NVDA]
 > Kelly Opt: 30.40% del capital
 > Asignación: $304,000.00
 > Unidades: 2134.0821

[BTC]
 > Kelly Opt: 20.00% del capital
 > Asignación: $200,000.00
 > Unidades: 2.8432

[GOLD]
 > Kelly Opt: 16.67% del capital
 > Asignación: $166,666.67
 > Unidades: 71.0702

ALERTA M82: DXY en 104.15. Si DXY > 105.00, reducir exposición en 15%.
=== MOLINA HOLDINGS: ESTRATEGIA MATEMÁTICA M82 ===

[NVDA]
 > Kelly Opt: 30.40% del capital
 > Asignación: $304,000.00
 > Unidades: 2134.0821

[BTC]
 > Kelly Opt: 20.00% del capital
 > Asignación: $200,000.00
 > Unidades: 2.8432

[GOLD]
 > Kelly Opt: 16.67% del capital
 > Asignación: $166,666.67
 > Unidades: 71.0702

ALERTA M82: DXY en 104.15. Si DXY > 105.00, reducir exposición en 15%.
=== MOLINA HOLDINGS: ESTRATEGIA MATEMÁTICA M82 ===

[NVDA]
 > Kelly Opt: 30.40% del capital
 > Asignación: $304,000.00
 > Unidades: 2134.0821

[BTC]
 > Kelly Opt: 20.00% del capital
 > Asignación: $200,000.00
 > Unidades: 2.8432

[GOLD]
 > Kelly Opt: 16.67% del capital
 > Asignación: $166,666.67
 > Unidades: 71.0702

ALERTA M82: DXY en 104.15. Si DXY > 105.00, reducir exposición en 15%.
=== MOLINA HOLDINGS: ESTRATEGIA MATEMÁTICA M82 ===

[NVDA]
 > Kelly Opt: 30.40% del capital
 > Asignación: $304,000.00
 > Unidades: 2134.0821

[BTC]
 > Kelly Opt: 20.00% del capital
 > Asignación: $200,000.00
 > Unidades: 2.8432

[GOLD]
 > Kelly Opt: 16.67% del capital
 > Asignación: $166,666.67
 > Unidades: 71.0702

ALERTA M82: DXY en 104.15. Si DXY > 105.00, reducir exposición en 15%.
=== MOLINA HOLDINGS: ESTRATEGIA MATEMÁTICA M82 ===

[NVDA]
 > Kelly Opt: 30.40% del capital
 > Asignación: $304,000.00
 > Unidades: 2134.0821

[BTC]
 > Kelly Opt: 20.00% del capital
 > Asignación: $200,000.00
 > Unidades: 2.8432

[GOLD]
 > Kelly Opt: 16.67% del capital
 > Asignación: $166,666.67
 > Unidades: 71.0702

ALERTA M82: DXY en 104.15. Si DXY > 105.00, reducir exposición en 15%.
=== MOLINA HOLDINGS: ESTRATEGIA MATEMÁTICA M82 ===

[NVDA]
 > Kelly Opt: 30.40% del capital
 > Asignación: $304,000.00
 > Unidades: 2134.0821

[BTC]
 > Kelly Opt: 20.00% del capital
 > Asignación: $200,000.00
 > Unidades: 2.8432

[GOLD]
 > Kelly Opt: 16.67% del capital
 > Asignación: $166,666.67
 > Unidades: 71.0702

ALERTA M82: DXY en 104.15. Si DXY > 105.00, reducir exposición en 15%.
=== MOLINA HOLDINGS: ESTRATEGIA MATEMÁTICA M82 ===

[NVDA]
 > Kelly Opt: 30.40% del capital
 > Asignación: $304,000.00
 > Unidades: 2134.0821

[BTC]
 > Kelly Opt: 20.00% del capital
 > Asignación: $200,000.00
 > Unidades: 2.8432

[GOLD]
 > Kelly Opt: 16.67% del capital
 > Asignación: $166,666.67
 > Unidades: 71.0702

ALERTA M82: DXY en 104.15. Si DXY > 105.00, reducir exposición en 15%.
=== MOLINA HOLDINGS: ESTRATEGIA MATEMÁTICA M82 ===

[NVDA]
 > Kelly Opt: 30.40% del capital
 > Asignación: $304,000.00
 > Unidades: 2134.0821

[BTC]
 > Kelly Opt: 20.00% del capital
 > Asignación: $200,000.00
 > Unidades: 2.8432

[GOLD]
 > Kelly Opt: 16.67% del capital
 > Asignación: $166,666.67
 > Unidades: 71.0702

ALERTA M82: DXY en 104.15. Si DXY > 105.00, reducir exposición en 15%.
=== MOLINA HOLDINGS: ESTRATEGIA MATEMÁTICA M82 ===

[NVDA]
 > Kelly Opt: 30.40% del capital
 > Asignación: $304,000.00
 > Unidades: 2134.0821

[BTC]
 > Kelly Opt: 20.00% del capital
 > Asignación: $200,000.00
 > Unidades: 2.8432

[GOLD]
 > Kelly Opt: 16.67% del capital
 > Asignación: $166,666.67
 > Unidades: 71.0702

ALERTA M82: DXY en 104.15. Si DXY > 105.00, reducir exposición en 15%.
=== MOLINA HOLDINGS: ESTRATEGIA MATEMÁTICA M82 ===

[NVDA]
 > Kelly Opt: 30.40% del capital
 > Asignación: $304,000.00
 > Unidades: 2134.0821

[BTC]
 > Kelly Opt: 20.00% del capital
 > Asignación: $200,000.00
 > Unidades: 2.8432

[GOLD]
 > Kelly Opt: 16.67% del capital
 > Asignación: $166,666.67
 > Unidades: 71.0702

ALERTA M82: DXY en 104.15. Si DXY > 105.00, reducir exposición en 15%.
=== MOLINA HOLDINGS: ESTRATEGIA MATEMÁTICA M82 ===

[NVDA]
 > Kelly Opt: 30.40% del capital
 > Asignación: $304,000.00
 > Unidades: 2134.0821

[BTC]
 > Kelly Opt: 20.00% del capital
 > Asignación: $200,000.00
 > Unidades: 2.8432

[GOLD]
 > Kelly Opt: 16.67% del capital
 > Asignación: $166,666.67
 > Unidades: 71.0702

ALERTA M82: DXY en 104.15. Si DXY > 105.00, reducir exposición en 15%.
=== MOLINA HOLDINGS: ESTRATEGIA MATEMÁTICA M82 ===

[NVDA]
 > Kelly Opt: 30.40% del capital
 > Asignación: $304,000.00
 > Unidades: 2134.0821

[BTC]
 > Kelly Opt: 20.00% del capital
 > Asignación: $200,000.00
 > Unidades: 2.8432

[GOLD]
 > Kelly Opt: 16.67% del capital
 > Asignación: $166,666.67
 > Unidades: 71.0702

ALERTA M82: DXY en 104.15. Si DXY > 105.00, reducir exposición en 15%.
=== MOLINA HOLDINGS: ESTRATEGIA MATEMÁTICA M82 ===

[NVDA]
 > Kelly Opt: 30.40% del capital
 > Asignación: $304,000.00
 > Unidades: 2134.0821

[BTC]
 > Kelly Opt: 20.00% del capital
 > Asignación: $200,000.00
 > Unidades: 2.8432

[GOLD]
 > Kelly Opt: 16.67% del capital
 > Asignación: $166,666.67
 > Unidades: 71.0702

ALERTA M82: DXY en 104.15. Si DXY > 105.00, reducir exposición en 15%.
=== MOLINA HOLDINGS: ESTRATEGIA MATEMÁTICA M82 ===

[NVDA]
 > Kelly Opt: 30.40% del capital
 > Asignación: $304,000.00
 > Unidades: 2134.0821

[BTC]
 > Kelly Opt: 20.00% del capital
 > Asignación: $200,000.00
 > Unidades: 2.8432

[GOLD]
 > Kelly Opt: 16.67% del capital
 > Asignación: $166,666.67
 > Unidades: 71.0702

ALERTA M82: DXY en 104.15. Si DXY > 105.00, reducir exposición en 15%.
=== MOLINA HOLDINGS: ESTRATEGIA MATEMÁTICA M82 ===

[NVDA]
 > Kelly Opt: 30.40% del capital
 > Asignación: $304,000.00
 > Unidades: 2134.0821

[BTC]
 > Kelly Opt: 20.00% del capital
 > Asignación: $200,000.00
 > Unidades: 2.8432

[GOLD]
 > Kelly Opt: 16.67% del capital
 > Asignación: $166,666.67
 > Unidades: 71.0702

ALERTA M82: DXY en 104.15. Si DXY > 105.00, reducir exposición en 15%.
=== MOLINA HOLDINGS: ESTRATEGIA MATEMÁTICA M82 ===

[NVDA]
 > Kelly Opt: 30.40% del capital
 > Asignación: $304,000.00
 > Unidades: 2134.0821

[BTC]
 > Kelly Opt: 20.00% del capital
 > Asignación: $200,000.00
 > Unidades: 2.8432

[GOLD]
 > Kelly Opt: 16.67% del capital
 > Asignación: $166,666.67
 > Unidades: 71.0702

ALERTA M82: DXY en 104.15. Si DXY > 105.00, reducir exposición en 15%.
=== MOLINA HOLDINGS: ESTRATEGIA MATEMÁTICA M82 ===

[NVDA]
 > Kelly Opt: 30.40% del capital
 > Asignación: $304,000.00
 > Unidades: 2134.0821

[BTC]
 > Kelly Opt: 20.00% del capital
 > Asignación: $200,000.00
 > Unidades: 2.8432

[GOLD]
 > Kelly Opt: 16.67% del capital
 > Asignación: $166,666.67
 > Unidades: 71.0702

ALERTA M82: DXY en 104.15. Si DXY > 105.00, reducir exposición en 15%.
=== MOLINA HOLDINGS: ESTRATEGIA MATEMÁTICA M82 ===

[NVDA]
 > Kelly Opt: 30.40% del capital
 > Asignación: $304,000.00
 > Unidades: 2134.0821

[BTC]
 > Kelly Opt: 20.00% del capital
 > Asignación: $200,000.00
 > Unidades: 2.8432

[GOLD]
 > Kelly Opt: 16.67% del capital
 > Asignación: $166,666.67
 > Unidades: 71.0702

ALERTA M82: DXY en 104.15. Si DXY > 105.00, reducir exposición en 15%.
=== MOLINA HOLDINGS: ESTRATEGIA MATEMÁTICA M82 ===

[NVDA]
 > Kelly Opt: 30.40% del capital
 > Asignación: $304,000.00
 > Unidades: 2134.0821

[BTC]
 > Kelly Opt: 20.00% del capital
 > Asignación: $200,000.00
 > Unidades: 2.8432

[GOLD]
 > Kelly Opt: 16.67% del capital
 > Asignación: $166,666.67
 > Unidades: 71.0702

ALERTA M82: DXY en 104.15. Si DXY > 105.00, reducir exposición en 15%.
=== MOLINA HOLDINGS: ESTRATEGIA MATEMÁTICA M82 ===

[NVDA]
 > Kelly Opt: 30.40% del capital
 > Asignación: $304,000.00
 > Unidades: 2134.0821

[BTC]
 > Kelly Opt: 20.00% del capital
 > Asignación: $200,000.00
 > Unidades: 2.8432

[GOLD]
 > Kelly Opt: 16.67% del capital
 > Asignación: $166,666.67
 > Unidades: 71.0702

ALERTA M82: DXY en 104.15. Si DXY > 105.00, reducir exposición en 15%.
=== MOLINA HOLDINGS: ESTRATEGIA MATEMÁTICA M82 ===

[NVDA]
 > Kelly Opt: 30.40% del capital
 > Asignación: $304,000.00
 > Unidades: 2134.0821

[BTC]
 > Kelly Opt: 20.00% del capital
 > Asignación: $200,000.00
 > Unidades: 2.8432

[GOLD]
 > Kelly Opt: 16.67% del capital
 > Asignación: $166,666.67
 > Unidades: 71.0702

ALERTA M82: DXY en 104.15. Si DXY > 105.00, reducir exposición en 15%.
=== MOLINA HOLDINGS: ESTRATEGIA MATEMÁTICA M82 ===

[NVDA]
 > Kelly Opt: 30.40% del capital
 > Asignación: $304,000.00
 > Unidades: 2134.0821

[BTC]
 > Kelly Opt: 20.00% del capital
 > Asignación: $200,000.00
 > Unidades: 2.8432

[GOLD]
 > Kelly Opt: 16.67% del capital
 > Asignación: $166,666.67
 > Unidades: 71.0702

ALERTA M82: DXY en 104.15. Si DXY > 105.00, reducir exposición en 15%.
=== MOLINA HOLDINGS: ESTRATEGIA MATEMÁTICA M82 ===

[NVDA]
 > Kelly Opt: 30.40% del capital
 > Asignación: $304,000.00
 > Unidades: 2134.0821

[BTC]
 > Kelly Opt: 20.00% del capital
 > Asignación: $200,000.00
 > Unidades: 2.8432

[GOLD]
 > Kelly Opt: 16.67% del capital
 > Asignación: $166,666.67
 > Unidades: 71.0702

ALERTA M82: DXY en 104.15. Si DXY > 105.00, reducir exposición en 15%.
=== MOLINA HOLDINGS: ESTRATEGIA MATEMÁTICA M82 ===

[NVDA]
 > Kelly Opt: 30.40% del capital
 > Asignación: $304,000.00
 > Unidades: 2134.0821

[BTC]
 > Kelly Opt: 20.00% del capital
 > Asignación: $200,000.00
 > Unidades: 2.8432

[GOLD]
 > Kelly Opt: 16.67% del capital
 > Asignación: $166,666.67
 > Unidades: 71.0702

ALERTA M82: DXY en 104.15. Si DXY > 105.00, reducir exposición en 15%.
=== MOLINA HOLDINGS: ESTRATEGIA MATEMÁTICA M82 ===

[NVDA]
 > Kelly Opt: 30.40% del capital
 > Asignación: $304,000.00
 > Unidades: 2134.0821

[BTC]
 > Kelly Opt: 20.00% del capital
 > Asignación: $200,000.00
 > Unidades: 2.8432

[GOLD]
 > Kelly Opt: 16.67% del capital
 > Asignación: $166,666.67
 > Unidades: 71.0702

ALERTA M82: DXY en 104.15. Si DXY > 105.00, reducir exposición en 15%.
=== MOLINA HOLDINGS: ESTRATEGIA MATEMÁTICA M82 ===

[NVDA]
 > Kelly Opt: 30.40% del capital
 > Asignación: $304,000.00
 > Unidades: 2134.0821

[BTC]
 > Kelly Opt: 20.00% del capital
 > Asignación: $200,000.00
 > Unidades: 2.8432

[GOLD]
 > Kelly Opt: 16.67% del capital
 > Asignación: $166,666.67
 > Unidades: 71.0702

ALERTA M82: DXY en 104.15. Si DXY > 105.00, reducir exposición en 15%.
=== MOLINA HOLDINGS: ESTRATEGIA MATEMÁTICA M82 ===

[NVDA]
 > Kelly Opt: 30.40% del capital
 > Asignación: $304,000.00
 > Unidades: 2134.0821

[BTC]
 > Kelly Opt: 20.00% del capital
 > Asignación: $200,000.00
 > Unidades: 2.8432

[GOLD]
 > Kelly Opt: 16.67% del capital
 > Asignación: $166,666.67
 > Unidades: 71.0702

ALERTA M82: DXY en 104.15. Si DXY > 105.00, reducir exposición en 15%.
=== MOLINA HOLDINGS: ESTRATEGIA MATEMÁTICA M82 ===

[NVDA]
 > Kelly Opt: 30.40% del capital
 > Asignación: $304,000.00
 > Unidades: 2134.0821

[BTC]
 > Kelly Opt: 20.00% del capital
 > Asignación: $200,000.00
 > Unidades: 2.8432

[GOLD]
 > Kelly Opt: 16.67% del capital
 > Asignación: $166,666.67
 > Unidades: 71.0702

ALERTA M82: DXY en 104.15. Si DXY > 105.00, reducir exposición en 15%.
=== MOLINA HOLDINGS: ESTRATEGIA MATEMÁTICA M82 ===

[NVDA]
 > Kelly Opt: 30.40% del capital
 > Asignación: $304,000.00
 > Unidades: 2134.0821

[BTC]
 > Kelly Opt: 20.00% del capital
 > Asignación: $200,000.00
 > Unidades: 2.8432

[GOLD]
 > Kelly Opt: 16.67% del capital
 > Asignación: $166,666.67
 > Unidades: 71.0702

ALERTA M82: DXY en 104.15. Si DXY > 105.00, reducir exposición en 15%.
=== MOLINA HOLDINGS: ESTRATEGIA MATEMÁTICA M82 ===

[NVDA]
 > Kelly Opt: 30.40% del capital
 > Asignación: $304,000.00
 > Unidades: 2134.0821

[BTC]
 > Kelly Opt: 20.00% del capital
 > Asignación: $200,000.00
 > Unidades: 2.8432

[GOLD]
 > Kelly Opt: 16.67% del capital
 > Asignación: $166,666.67
 > Unidades: 71.0702

ALERTA M82: DXY en 104.15. Si DXY > 105.00, reducir exposición en 15%.
=== MOLINA HOLDINGS: ESTRATEGIA MATEMÁTICA M82 ===

[NVDA]
 > Kelly Opt: 30.40% del capital
 > Asignación: $304,000.00
 > Unidades: 2134.0821

[BTC]
 > Kelly Opt: 20.00% del capital
 > Asignación: $200,000.00
 > Unidades: 2.8432

[GOLD]
 > Kelly Opt: 16.67% del capital
 > Asignación: $166,666.67
 > Unidades: 71.0702

ALERTA M82: DXY en 104.15. Si DXY > 105.00, reducir exposición en 15%.
=== MOLINA HOLDINGS: ESTRATEGIA MATEMÁTICA M82 ===

[NVDA]
 > Kelly Opt: 30.40% del capital
 > Asignación: $304,000.00
 > Unidades: 2134.0821

[BTC]
 > Kelly Opt: 20.00% del capital
 > Asignación: $200,000.00
 > Unidades: 2.8432

[GOLD]
 > Kelly Opt: 16.67% del capital
 > Asignación: $166,666.67
 > Unidades: 71.0702

ALERTA M82: DXY en 104.15. Si DXY > 105.00, reducir exposición en 15%.
=== MOLINA HOLDINGS: ESTRATEGIA MATEMÁTICA M82 ===

[NVDA]
 > Kelly Opt: 30.40% del capital
 > Asignación: $304,000.00
 > Unidades: 2134.0821

[BTC]
 > Kelly Opt: 20.00% del capital
 > Asignación: $200,000.00
 > Unidades: 2.8432

[GOLD]
 > Kelly Opt: 16.67% del capital
 > Asignación: $166,666.67
 > Unidades: 71.0702

ALERTA M82: DXY en 104.15. Si DXY > 105.00, reducir exposición en 15%.
=== MOLINA HOLDINGS: ESTRATEGIA MATEMÁTICA M82 ===

[NVDA]
 > Kelly Opt: 30.40% del capital
 > Asignación: $304,000.00
 > Unidades: 2134.0821

[BTC]
 > Kelly Opt: 20.00% del capital
 > Asignación: $200,000.00
 > Unidades: 2.8432

[GOLD]
 > Kelly Opt: 16.67% del capital
 > Asignación: $166,666.67
 > Unidades: 71.0702

ALERTA M82: DXY en 104.15. Si DXY > 105.00, reducir exposición en 15%.
=== MOLINA HOLDINGS: ESTRATEGIA MATEMÁTICA M82 ===

[NVDA]
 > Kelly Opt: 30.40% del capital
 > Asignación: $304,000.00
 > Unidades: 2134.0821

[BTC]
 > Kelly Opt: 20.00% del capital
 > Asignación: $200,000.00
 > Unidades: 2.8432

[GOLD]
 > Kelly Opt: 16.67% del capital
 > Asignación: $166,666.67
 > Unidades: 71.0702

ALERTA M82: DXY en 104.15. Si DXY > 105.00, reducir exposición en 15%.
=== MOLINA HOLDINGS: ESTRATEGIA MATEMÁTICA M82 ===

[NVDA]
 > Kelly Opt: 30.40% del capital
 > Asignación: $304,000.00
 > Unidades: 2134.0821

[BTC]
 > Kelly Opt: 20.00% del capital
 > Asignación: $200,000.00
 > Unidades: 2.8432

[GOLD]
 > Kelly Opt: 16.67% del capital
 > Asignación: $166,666.67
 > Unidades: 71.0702

ALERTA M82: DXY en 104.15. Si DXY > 105.00, reducir exposición en 15%.
=== MOLINA HOLDINGS: ESTRATEGIA MATEMÁTICA M82 ===

[NVDA]
 > Kelly Opt: 30.40% del capital
 > Asignación: $304,000.00
 > Unidades: 2134.0821

[BTC]
 > Kelly Opt: 20.00% del capital
 > Asignación: $200,000.00
 > Unidades: 2.8432

[GOLD]
 > Kelly Opt: 16.67% del capital
 > Asignación: $166,666.67
 > Unidades: 71.0702

ALERTA M82: DXY en 104.15. Si DXY > 105.00, reducir exposición en 15%.
=== MOLINA HOLDINGS: ESTRATEGIA MATEMÁTICA M82 ===

[NVDA]
 > Kelly Opt: 30.40% del capital
 > Asignación: $304,000.00
 > Unidades: 2134.0821

[BTC]
 > Kelly Opt: 20.00% del capital
 > Asignación: $200,000.00
 > Unidades: 2.8432

[GOLD]
 > Kelly Opt: 16.67% del capital
 > Asignación: $166,666.67
 > Unidades: 71.0702

ALERTA M82: DXY en 104.15. Si DXY > 105.00, reducir exposición en 15%.
=== MOLINA HOLDINGS: ESTRATEGIA MATEMÁTICA M82 ===

[NVDA]
 > Kelly Opt: 30.40% del capital
 > Asignación: $304,000.00
 > Unidades: 2134.0821

[BTC]
 > Kelly Opt: 20.00% del capital
 > Asignación: $200,000.00
 > Unidades: 2.8432

[GOLD]
 > Kelly Opt: 16.67% del capital
 > Asignación: $166,666.67
 > Unidades: 71.0702

ALERTA M82: DXY en 104.15. Si DXY > 105.00, reducir exposición en 15%.
=== MOLINA HOLDINGS: ESTRATEGIA MATEMÁTICA M82 ===

[NVDA]
 > Kelly Opt: 30.40% del capital
 > Asignación: $304,000.00
 > Unidades: 2134.0821

[BTC]
 > Kelly Opt: 20.00% del capital
 > Asignación: $200,000.00
 > Unidades: 2.8432

[GOLD]
 > Kelly Opt: 16.67% del capital
 > Asignación: $166,666.67
 > Unidades: 71.0702

ALERTA M82: DXY en 104.15. Si DXY > 105.00, reducir exposición en 15%.
=== MOLINA HOLDINGS: ESTRATEGIA MATEMÁTICA M82 ===

[NVDA]
 > Kelly Opt: 30.40% del capital
 > Asignación: $304,000.00
 > Unidades: 2134.0821

[BTC]
 > Kelly Opt: 20.00% del capital
 > Asignación: $200,000.00
 > Unidades: 2.8432

[GOLD]
 > Kelly Opt: 16.67% del capital
 > Asignación: $166,666.67
 > Unidades: 71.0702

ALERTA M82: DXY en 104.15. Si DXY > 105.00, reducir exposición en 15%.
=== MOLINA HOLDINGS: ESTRATEGIA MATEMÁTICA M82 ===

[NVDA]
 > Kelly Opt: 30.40% del capital
 > Asignación: $304,000.00
 > Unidades: 2134.0821

[BTC]
 > Kelly Opt: 20.00% del capital
 > Asignación: $200,000.00
 > Unidades: 2.8432

[GOLD]
 > Kelly Opt: 16.67% del capital
 > Asignación: $166,666.67
 > Unidades: 71.0702

ALERTA M82: DXY en 104.15. Si DXY > 105.00, reducir exposición en 15%.
=== MOLINA HOLDINGS: ESTRATEGIA MATEMÁTICA M82 ===

[NVDA]
 > Kelly Opt: 30.40% del capital
 > Asignación: $304,000.00
 > Unidades: 2134.0821

[BTC]
 > Kelly Opt: 20.00% del capital
 > Asignación: $200,000.00
 > Unidades: 2.8432

[GOLD]
 > Kelly Opt: 16.67% del capital
 > Asignación: $166,666.67
 > Unidades: 71.0702

ALERTA M82: DXY en 104.15. Si DXY > 105.00, reducir exposición en 15%.
=== MOLINA HOLDINGS: ESTRATEGIA MATEMÁTICA M82 ===

[NVDA]
 > Kelly Opt: 30.40% del capital
 > Asignación: $304,000.00
 > Unidades: 2134.0821

[BTC]
 > Kelly Opt: 20.00% del capital
 > Asignación: $200,000.00
 > Unidades: 2.8432

[GOLD]
 > Kelly Opt: 16.67% del capital
 > Asignación: $166,666.67
 > Unidades: 71.0702

ALERTA M82: DXY en 104.15. Si DXY > 105.00, reducir exposición en 15%.
=== MOLINA HOLDINGS: ESTRATEGIA MATEMÁTICA M82 ===

[NVDA]
 > Kelly Opt: 30.40% del capital
 > Asignación: $304,000.00
 > Unidades: 2134.0821

[BTC]
 > Kelly Opt: 20.00% del capital
 > Asignación: $200,000.00
 > Unidades: 2.8432

[GOLD]
 > Kelly Opt: 16.67% del capital
 > Asignación: $166,666.67
 > Unidades: 71.0702

ALERTA M82: DXY en 104.15. Si DXY > 105.00, reducir exposición en 15%.
=== MOLINA HOLDINGS: ESTRATEGIA MATEMÁTICA M82 ===

[NVDA]
 > Kelly Opt: 30.40% del capital
 > Asignación: $304,000.00
 > Unidades: 2134.0821

[BTC]
 > Kelly Opt: 20.00% del capital
 > Asignación: $200,000.00
 > Unidades: 2.8432

[GOLD]
 > Kelly Opt: 16.67% del capital
 > Asignación: $166,666.67
 > Unidades: 71.0702

ALERTA M82: DXY en 104.15. Si DXY > 105.00, reducir exposición en 15%.
=== MOLINA HOLDINGS: ESTRATEGIA MATEMÁTICA M82 ===

[NVDA]
 > Kelly Opt: 30.40% del capital
 > Asignación: $304,000.00
 > Unidades: 2134.0821

[BTC]
 > Kelly Opt: 20.00% del capital
 > Asignación: $200,000.00
 > Unidades: 2.8432

[GOLD]
 > Kelly Opt: 16.67% del capital
 > Asignación: $166,666.67
 > Unidades: 71.0702

ALERTA M82: DXY en 104.15. Si DXY > 105.00, reducir exposición en 15%.
=== MOLINA HOLDINGS: ESTRATEGIA MATEMÁTICA M82 ===

[NVDA]
 > Kelly Opt: 30.40% del capital
 > Asignación: $304,000.00
 > Unidades: 2134.0821

[BTC]
 > Kelly Opt: 20.00% del capital
 > Asignación: $200,000.00
 > Unidades: 2.8432

[GOLD]
 > Kelly Opt: 16.67% del capital
 > Asignación: $166,666.67
 > Unidades: 71.0702

ALERTA M82: DXY en 104.15. Si DXY > 105.00, reducir exposición en 15%.
M82: Motor Cuantitativo Online

--- SYNC: 01:44:43 ---
[NVDA] Kelly: 30.40%
[BTC] Kelly: 20.00%
[GOLD] Kelly: 16.67%
M82: Motor Cuantitativo Online

--- SYNC: 01:44:43 ---
[NVDA] Kelly: 30.40%
[BTC] Kelly: 20.00%
[GOLD] Kelly: 16.67%
M82: Motor Cuantitativo Online

--- SYNC: 01:44:43 ---
[NVDA] Kelly: 30.40%
[BTC] Kelly: 20.00%
[GOLD] Kelly: 16.67%
M82: Motor Cuantitativo Online

--- SYNC: 01:44:43 ---
[NVDA] Kelly: 30.40%
[BTC] Kelly: 20.00%
[GOLD] Kelly: 16.67%
M82: Motor Cuantitativo Online

--- SYNC: 01:44:44 ---
[NVDA] Kelly: 30.40%
[BTC] Kelly: 20.00%
[GOLD] Kelly: 16.67%
M82: Motor Cuantitativo Online

--- SYNC: 01:44:44 ---
[NVDA] Kelly: 30.40%
[BTC] Kelly: 20.00%
[GOLD] Kelly: 16.67%
M82: Motor Cuantitativo Online

--- SYNC: 01:44:44 ---
[NVDA] Kelly: 30.40%
[BTC] Kelly: 20.00%
[GOLD] Kelly: 16.67%
M82: Motor Cuantitativo Online

--- SYNC: 01:44:45 ---
[NVDA] Kelly: 30.40%
[BTC] Kelly: 20.00%
[GOLD] Kelly: 16.67%
M82: Motor Cuantitativo Online

--- SYNC: 01:44:45 ---
[NVDA] Kelly: 30.40%
[BTC] Kelly: 20.00%
[GOLD] Kelly: 16.67%
M82: Motor Cuantitativo Online

--- SYNC: 01:44:45 ---
[NVDA] Kelly: 30.40%
[BTC] Kelly: 20.00%
[GOLD] Kelly: 16.67%
M82: Motor Cuantitativo Online

--- SYNC: 01:44:46 ---
[NVDA] Kelly: 30.40%
[BTC] Kelly: 20.00%
[GOLD] Kelly: 16.67%
M82: Motor Cuantitativo Online

--- SYNC: 01:44:47 ---
[NVDA] Kelly: 30.40%
[BTC] Kelly: 20.00%
[GOLD] Kelly: 16.67%
M82: Motor Cuantitativo Online

--- SYNC: 01:44:48 ---
[NVDA] Kelly: 30.40%
[BTC] Kelly: 20.00%
[GOLD] Kelly: 16.67%
M82: Motor Cuantitativo Online

--- SYNC: 01:44:48 ---
[NVDA] Kelly: 30.40%
[BTC] Kelly: 20.00%
[GOLD] Kelly: 16.67%
M82: Motor Cuantitativo Online

--- SYNC: 01:44:49 ---
[NVDA] Kelly: 30.40%
[BTC] Kelly: 20.00%
[GOLD] Kelly: 16.67%
M82: Motor Cuantitativo Online

--- SYNC: 01:44:49 ---
[NVDA] Kelly: 30.40%
[BTC] Kelly: 20.00%
[GOLD] Kelly: 16.67%
M82: Motor Cuantitativo Online

--- SYNC: 01:44:50 ---
[NVDA] Kelly: 30.40%
[BTC] Kelly: 20.00%
[GOLD] Kelly: 16.67%
M82: Motor Cuantitativo Online

--- SYNC: 01:44:50 ---
[NVDA] Kelly: 30.40%
[BTC] Kelly: 20.00%
[GOLD] Kelly: 16.67%
M82: Motor Cuantitativo Online

--- SYNC: 01:44:50 ---
[NVDA] Kelly: 30.40%
[BTC] Kelly: 20.00%
[GOLD] Kelly: 16.67%
M82: Motor Cuantitativo Online

--- SYNC: 01:44:51 ---
[NVDA] Kelly: 30.40%
[BTC] Kelly: 20.00%
[GOLD] Kelly: 16.67%
M82: Motor Cuantitativo Online

--- SYNC: 01:44:51 ---
[NVDA] Kelly: 30.40%
[BTC] Kelly: 20.00%
[GOLD] Kelly: 16.67%
M82: Motor Cuantitativo Online

--- SYNC: 01:44:51 ---
[NVDA] Kelly: 30.40%
[BTC] Kelly: 20.00%
[GOLD] Kelly: 16.67%
M82: Motor Cuantitativo Online

--- SYNC: 01:44:52 ---
[NVDA] Kelly: 30.40%
[BTC] Kelly: 20.00%
[GOLD] Kelly: 16.67%
M82: Motor Cuantitativo Online

--- SYNC: 01:44:52 ---
[NVDA] Kelly: 30.40%
[BTC] Kelly: 20.00%
[GOLD] Kelly: 16.67%
M82: Motor Cuantitativo Online

--- SYNC: 01:44:52 ---
[NVDA] Kelly: 30.40%
[BTC] Kelly: 20.00%
[GOLD] Kelly: 16.67%
M82: Motor Cuantitativo Online

--- SYNC: 01:44:52 ---
[NVDA] Kelly: 30.40%
[BTC] Kelly: 20.00%
[GOLD] Kelly: 16.67%
M82: Motor Cuantitativo Online

--- SYNC: 01:44:53 ---
[NVDA] Kelly: 30.40%
[BTC] Kelly: 20.00%
[GOLD] Kelly: 16.67%
M82: Motor Cuantitativo Online

--- SYNC: 01:44:53 ---
[NVDA] Kelly: 30.40%
[BTC] Kelly: 20.00%
[GOLD] Kelly: 16.67%
M82: Motor Cuantitativo Online

--- SYNC: 01:44:53 ---
[NVDA] Kelly: 30.40%
[BTC] Kelly: 20.00%
[GOLD] Kelly: 16.67%
M82: Motor Cuantitativo Online

--- SYNC: 01:44:54 ---
[NVDA] Kelly: 30.40%
[BTC] Kelly: 20.00%
[GOLD] Kelly: 16.67%
M82: Motor Cuantitativo Online

--- SYNC: 01:44:54 ---
[NVDA] Kelly: 30.40%
[BTC] Kelly: 20.00%
[GOLD] Kelly: 16.67%
M82: Motor Cuantitativo Online

--- SYNC: 01:44:55 ---
[NVDA] Kelly: 30.40%
[BTC] Kelly: 20.00%
[GOLD] Kelly: 16.67%
M82: Motor Cuantitativo Online

--- SYNC: 01:45:30 ---
[NVDA] Kelly: 30.40%
[BTC] Kelly: 20.00%
[GOLD] Kelly: 16.67%

--- SYNC: 01:46:43 ---
[NVDA] Kelly: 30.40%
[BTC] Kelly: 20.00%
[GOLD] Kelly: 16.67%

--- SYNC: 01:46:43 ---
[NVDA] Kelly: 30.40%
[BTC] Kelly: 20.00%
[GOLD] Kelly: 16.67%

--- SYNC: 01:48:38 ---
[NVDA] Kelly: 30.40%

--- SYNC: 01:48:38 ---
[NVDA] Kelly: 30.40%
[BTC] Kelly: 20.00%
[GOLD] Kelly: 16.67%
[BTC] Kelly: 20.00%
[GOLD] Kelly: 16.67%

--- SYNC: 01:50:49 ---
[NVDA] Kelly: 30.40%
[BTC] Kelly: 20.00%
[GOLD] Kelly: 16.67%

--- SYNC: 01:50:49 ---
[NVDA] Kelly: 30.40%
[BTC] Kelly: 20.00%
[GOLD] Kelly: 16.67%
M82: Motor Cuantitativo Online

--- SYNC: 01:51:13 ---
[NVDA] Kelly: 30.40%
[BTC] Kelly: 20.00%
[GOLD] Kelly: 16.67%

--- SYNC: 01:54:04 ---
[NVDA] Kelly: 30.40%
[BTC] Kelly: 20.00%
[GOLD] Kelly: 16.67%

--- SYNC: 01:54:04 ---
[NVDA] Kelly: 30.40%
[BTC] Kelly: 20.00%
[GOLD] Kelly: 16.67%

--- SYNC: 01:55:04 ---
[NVDA] Kelly: 30.40%
[BTC] Kelly: 20.00%
[GOLD] Kelly: 16.67%

--- SYNC: 01:55:05 ---
[NVDA] Kelly: 30.40%
[BTC] Kelly: 20.00%
[GOLD] Kelly: 16.67%

--- SYNC: 02:00:37 ---
[NVDA] Kelly: 30.40%
[BTC] Kelly: 20.00%
[GOLD] Kelly: 16.67%

--- SYNC: 02:00:37 ---
[NVDA] Kelly: 30.40%
[BTC] Kelly: 20.00%
[GOLD] Kelly: 16.67%

--- SYNC: 02:06:52 ---
[NVDA] Kelly: 30.40%
[BTC] Kelly: 20.00%
[GOLD] Kelly: 16.67%

--- SYNC: 02:06:52 ---
[NVDA] Kelly: 30.40%
[BTC] Kelly: 20.00%
[GOLD] Kelly: 16.67%
M82: Motor Cuantitativo Online

--- SYNC: 02:07:09 ---
[NVDA] Kelly: 30.40%
[BTC] Kelly: 20.00%
[GOLD] Kelly: 16.67%

--- SYNC: 02:10:27 ---
[NVDA] Kelly: 30.40%
[BTC] Kelly: 20.00%
[GOLD] Kelly: 16.67%

--- SYNC: 02:10:27 ---
[NVDA] Kelly: 30.40%
[BTC] Kelly: 20.00%
[GOLD] Kelly: 16.67%

--- SYNC: 02:11:28 ---
[NVDA] Kelly: 30.40%
[BTC] Kelly: 20.00%
[GOLD] Kelly: 16.67%

--- SYNC: 02:11:28 ---
[NVDA] Kelly: 30.40%
[BTC] Kelly: 20.00%
[GOLD] Kelly: 16.67%

--- SYNC: 02:13:06 ---
[NVDA] Kelly: 30.40%
[BTC] Kelly: 20.00%
[GOLD] Kelly: 16.67%

--- SYNC: 02:13:06 ---
[NVDA] Kelly: 30.40%
[BTC] Kelly: 20.00%
[GOLD] Kelly: 16.67%

--- SYNC: 02:14:06 ---
[NVDA] Kelly: 30.40%
[BTC] Kelly: 20.00%
[GOLD] Kelly: 16.67%

--- SYNC: 02:14:06 ---
[NVDA] Kelly: 30.40%
[BTC] Kelly: 20.00%
[GOLD] Kelly: 16.67%

--- SYNC: 02:16:02 ---
[NVDA] Kelly: 30.40%
[BTC] Kelly: 20.00%
[GOLD] Kelly: 16.67%

--- SYNC: 02:16:02 ---
[NVDA] Kelly: 30.40%
[BTC] Kelly: 20.00%
[GOLD] Kelly: 16.67%

--- SYNC: 02:17:15 ---
[NVDA] Kelly: 30.40%
[BTC] Kelly: 20.00%
[GOLD] Kelly: 16.67%

--- SYNC: 02:17:15 ---
[NVDA] Kelly: 30.40%
[BTC] Kelly: 20.00%
[GOLD] Kelly: 16.67%

--- SYNC: 02:18:43 ---
[NVDA] Kelly: 30.40%
[BTC] Kelly: 20.00%
[GOLD] Kelly: 16.67%

--- SYNC: 02:18:43 ---
[NVDA] Kelly: 30.40%
[BTC] Kelly: 20.00%
[GOLD] Kelly: 16.67%

--- SYNC: 02:19:43 ---
[NVDA] Kelly: 30.40%
[BTC] Kelly: 20.00%
[GOLD] Kelly: 16.67%

--- SYNC: 02:19:43 ---
[NVDA] Kelly: 30.40%
[BTC] Kelly: 20.00%
[GOLD] Kelly: 16.67%

--- SYNC: 02:23:08 ---
[NVDA] Kelly: 30.40%
[BTC] Kelly: 20.00%
[GOLD] Kelly: 16.67%

--- SYNC: 02:23:08 ---
[NVDA] Kelly: 30.40%
[BTC] Kelly: 20.00%
[GOLD] Kelly: 16.67%

--- SYNC: 02:24:36 ---
[NVDA] Kelly: 30.40%
[BTC] Kelly: 20.00%
[GOLD] Kelly: 16.67%

--- SYNC: 02:24:36 ---
[NVDA] Kelly: 30.40%
[BTC] Kelly: 20.00%
[GOLD] Kelly: 16.67%

--- SYNC: 02:25:36 ---
--- SYNC: 02:25:36 ---
[NVDA] Kelly: 30.40%
[BTC] Kelly: 20.00%
[GOLD] Kelly: 16.67%

[NVDA] Kelly: 30.40%
[BTC] Kelly: 20.00%
[GOLD] Kelly: 16.67%

--- SYNC: 02:26:36 ---
[NVDA] Kelly: 30.40%
[BTC] Kelly: 20.00%
--- SYNC: 02:26:36 ---
[NVDA] Kelly: 30.40%
[BTC] Kelly: 20.00%
[GOLD] Kelly: 16.67%

[GOLD] Kelly: 16.67%

--- SYNC: 02:27:36 ---
[NVDA] Kelly: 30.40%
[BTC] Kelly: 20.00%
[GOLD] Kelly: 16.67%

--- SYNC: 02:27:36 ---
[NVDA] Kelly: 30.40%
[BTC] Kelly: 20.00%
[GOLD] Kelly: 16.67%

--- SYNC: 02:30:32 ---
[NVDA] Kelly: 30.40%
[BTC] Kelly: 20.00%
[GOLD] Kelly: 16.67%

--- SYNC: 02:30:32 ---
[NVDA] Kelly: 30.40%
[BTC] Kelly: 20.00%
[GOLD] Kelly: 16.67%

--- SYNC: 02:33:04 ---
[NVDA] Kelly: 30.40%
[BTC] Kelly: 20.00%
[GOLD] Kelly: 16.67%

--- SYNC: 02:33:04 ---
[NVDA] Kelly: 30.40%
[BTC] Kelly: 20.00%
[GOLD] Kelly: 16.67%

--- SYNC: 02:35:31 ---
[NVDA] Kelly: 30.40%
[BTC] Kelly: 20.00%
[GOLD] Kelly: 16.67%

--- SYNC: 02:35:31 ---
[NVDA] Kelly: 30.40%
[BTC] Kelly: 20.00%
[GOLD] Kelly: 16.67%

--- SYNC: 02:37:29 ---
[NVDA] Kelly: 30.40%
[BTC] Kelly: 20.00%
[GOLD] Kelly: 16.67%

--- SYNC: 02:37:29 ---
[NVDA] Kelly: 30.40%
[BTC] Kelly: 20.00%
[GOLD] Kelly: 16.67%

--- SYNC: 02:38:29 ---
[NVDA] Kelly: 30.40%
[BTC] Kelly: 20.00%
[GOLD] Kelly: 16.67%

--- SYNC: 02:38:29 ---
[NVDA] Kelly: 30.40%
[BTC] Kelly: 20.00%
[GOLD] Kelly: 16.67%

--- SYNC: 02:39:49 ---
[NVDA] Kelly: 30.40%
[BTC] Kelly: 20.00%
[GOLD] Kelly: 16.67%

--- SYNC: 02:39:49 ---
[NVDA] Kelly: 30.40%
[BTC] Kelly: 20.00%
[GOLD] Kelly: 16.67%

--- SYNC: 08:34:19 ---
[NVDA] Kelly: 30.40%
[BTC] Kelly: 20.00%
[GOLD] Kelly: 16.67%

--- SYNC: 08:34:19 ---
[NVDA] Kelly: 30.40%
[BTC] Kelly: 20.00%
[GOLD] Kelly: 16.67%

--- SYNC: 10:30:31 ---
[NVDA] Kelly: 30.40%
[BTC] Kelly: 20.00%
[GOLD] Kelly: 16.67%

--- SYNC: 10:30:31 ---
[NVDA] Kelly: 30.40%
[BTC] Kelly: 20.00%
[GOLD] Kelly: 16.67%
M82: Motor Cuantitativo Online

--- SYNC: 22:06:14 ---
[NVDA] Kelly: 30.40%
[BTC] Kelly: 20.00%
[GOLD] Kelly: 16.67%

--- SYNC: 22:10:21 ---
[NVDA] Kelly: 30.40%
[BTC] Kelly: 20.00%
[GOLD] Kelly: 16.67%

--- SYNC: 22:23:07 ---
[NVDA] Kelly: 30.40%
[BTC] Kelly: 20.00%
[GOLD] Kelly: 16.67%

--- SYNC: 22:25:32 ---
[NVDA] Kelly: 30.40%
[BTC] Kelly: 20.00%
[GOLD] Kelly: 16.67%

--- SYNC: 22:26:32 ---
[NVDA] Kelly: 30.40%
[BTC] Kelly: 20.00%
[GOLD] Kelly: 16.67%

--- SYNC: 22:27:53 ---
[NVDA] Kelly: 30.40%
[BTC] Kelly: 20.00%
[GOLD] Kelly: 16.67%
