M82: Dashboard Online
M82: Dashboard Online
M82: Dashboard Online
M82: Dashboard Online
M82: Dashboard Online
M82: Dashboard Online
M82: Dashboard Online
M82: Dashboard Online
M82: Dashboard Online
M82: Dashboard Online
M82: Dashboard Online
M82: Dashboard Online
M82: Dashboard Online
M82: Dashboard Online
M82: Dashboard Online
M82: Dashboard Online
M82: Dashboard Online
M82: Dashboard Online
M82: Dashboard Online
M82: Dashboard Online
M82: Dashboard Online
M82: Dashboard Online
M82: Dashboard Online
M82: Dashboard Online
M82: Dashboard Online
M82: Dashboard Online
M82: Dashboard Online
M82: Dashboard Online
M82: Dashboard Online
M82: Dashboard Online
M82: Dashboard Online
M82: Dashboard Online
M82: Dashboard Online
M82: Dashboard Online
M82: Dashboard Online
M82: Dashboard Online
M82: Dashboard Online
M82: Dashboard Online
M82: Dashboard Online
M82: Dashboard Online
M82: Dashboard Online
M82: Dashboard Online
M82: Dashboard Online
M82: Dashboard Online
M82: Dashboard Online
M82: Dashboard Online
M82: Dashboard Online
M82: Dashboard Online
M82: Dashboard Online
M82: Dashboard Online
M82: Dashboard Online
M82: Dashboard Online
[32m--- M82 SECURE ENGINE ONLINE ---[0m
Local Access: http://127.0.0.1:3000
[33m--- MOLINA HOLDINGS: M82 ENGINE UPGRADED ---[0m
M82 DEPLOYED: http://127.0.0.1:3000
[32m--- M82 V50: MARKET CHECK DEPLOYED ---[0m
[32m--- M82 V50: MARKET CHECK DEPLOYED ---[0m
[32m--- M82 V50: MARKET CHECK DEPLOYED ---[0m
[32m--- M82 CORE V50 (NO AUTH): ONLINE ---[0m
URL: http://127.0.0.1:3000
[32m--- M82 CORE V50 DYNAMIC: ONLINE ---[0m
URL: http://127.0.0.1:3000
[32m--- M82 CORE V50 DYNAMIC: ONLINE ---[0m
URL: http://127.0.0.1:3000
