0 verbose cli /data/data/com.termux/files/usr/bin/node /data/data/com.termux/files/usr/bin/npm
1 info using npm@11.12.0
2 info using node@v25.8.2
3 silly config load:file:/data/data/com.termux/files/usr/lib/node_modules/npm/npmrc
4 silly config load:file:/data/data/com.termux/files/home/.npmrc
5 silly config load:file:/data/data/com.termux/files/usr/etc/npmrc
6 verbose title npm install axios
7 verbose argv "install" "axios"
8 verbose logfile logs-max:10 dir:/data/data/com.termux/files/home/.npm/_logs/2026-04-01T00_18_44_153Z-
9 verbose logfile /data/data/com.termux/files/home/.npm/_logs/2026-04-01T00_18_44_153Z-debug-0.log
10 silly logfile start cleaning logs, removing 1 files
11 silly logfile done cleaning log files
12 silly packumentCache heap:1174405120 maxSize:293601280 maxEntrySize:146800640
13 silly idealTree buildDeps
14 silly fetch manifest axios@^1.13.6
15 silly packumentCache full:https://registry.npmjs.org/axios cache-miss
16 http fetch GET 200 https://registry.npmjs.org/axios 882ms (cache updated)
17 silly packumentCache full:https://registry.npmjs.org/axios set size:undefined disposed:false
18 silly placeDep ROOT axios@1.14.0 REPLACE for: home@1.0.0 want: ^1.13.6
19 silly fetch manifest proxy-from-env@^2.1.0
20 silly packumentCache full:https://registry.npmjs.org/proxy-from-env cache-miss
21 http fetch GET 200 https://registry.npmjs.org/proxy-from-env 135ms (cache revalidated)
22 silly packumentCache full:https://registry.npmjs.org/proxy-from-env set size:21422 disposed:false
23 silly placeDep ROOT proxy-from-env@2.1.0 OK for: axios@1.14.0 want: ^2.1.0
24 silly reify mark retired [ '/data/data/com.termux/files/home/node_modules/axios' ]
25 silly reify mark retired [ '/data/data/com.termux/files/home/node_modules/proxy-from-env' ]
26 silly reify moves {
26 silly reify   '/data/data/com.termux/files/home/node_modules/axios': '/data/data/com.termux/files/home/node_modules/.axios-vJLmXTjc',
26 silly reify   '/data/data/com.termux/files/home/node_modules/proxy-from-env': '/data/data/com.termux/files/home/node_modules/.proxy-from-env-b8qTVuZ0'
26 silly reify }
27 silly audit bulk request {
27 silly audit   '@colors/colors': [ '1.5.0' ],
27 silly audit   '@deno/shim-deno': [ '0.18.2' ],
27 silly audit   '@deno/shim-deno-test': [ '0.5.0' ],
27 silly audit   abbrev: [ '1.1.1' ],
27 silly audit   accepts: [ '2.0.0' ],
27 silly audit   'mime-db': [ '1.54.0', '1.52.0' ],
27 silly audit   'mime-types': [ '3.0.2', '2.1.35' ],
27 silly audit   'agent-base': [ '7.1.4' ],
27 silly audit   'ansi-escapes': [ '6.2.1' ],
27 silly audit   'ansi-regex': [ '2.1.1', '5.0.1' ],
27 silly audit   'ansi-styles': [ '2.2.1' ],
27 silly audit   'ansi-term': [ '0.0.2' ],
27 silly audit   ansicolors: [ '0.3.2' ],
27 silly audit   'apache-crypt': [ '1.2.6' ],
27 silly audit   'apache-md5': [ '1.1.8' ],
27 silly audit   asynckit: [ '0.4.0' ],
27 silly audit   'base64-js': [ '1.5.1' ],
27 silly audit   bcryptjs: [ '3.0.3' ],
27 silly audit   'bignumber.js': [ '9.3.1' ],
27 silly audit   blessed: [ '0.1.81' ],
27 silly audit   'blessed-contrib': [ '4.11.0' ],
27 silly audit   'body-parser': [ '2.2.2' ],
27 silly audit   bresenham: [ '0.0.3' ],
27 silly audit   'buffer-equal-constant-time': [ '1.0.1' ],
27 silly audit   buffers: [ '0.1.1' ],
27 silly audit   bytes: [ '3.1.2' ],
27 silly audit   'call-bind-apply-helpers': [ '1.0.2' ],
27 silly audit   'call-bound': [ '1.0.4' ],
27 silly audit   cardinal: [ '2.1.1' ],
27 silly audit   chalk: [ '1.1.3', '5.6.2' ],
27 silly audit   charm: [ '0.1.2' ],
27 silly audit   'cli-table3': [ '0.6.5' ],
27 silly audit   'combined-stream': [ '1.0.8' ],
27 silly audit   'content-disposition': [ '1.0.1' ],
27 silly audit   'content-type': [ '1.0.5' ],
27 silly audit   cookie: [ '0.7.2' ],
27 silly audit   'cookie-signature': [ '1.2.2' ],
27 silly audit   'core-util-is': [ '1.0.3' ],
27 silly audit   'data-uri-to-buffer': [ '4.0.1' ],
27 silly audit   dayjs: [ '1.11.20' ],
27 silly audit   debug: [ '4.4.3' ],
27 silly audit   'delayed-stream': [ '1.0.0' ],
27 silly audit   depd: [ '2.0.0' ],
27 silly audit   'drawille-blessed-contrib': [ '1.0.0' ],
27 silly audit   'drawille-canvas-blessed-contrib': [ '0.1.3' ],
27 silly audit   'dunder-proto': [ '1.0.1' ],
27 silly audit   'ecdsa-sig-formatter': [ '1.0.11' ],
27 silly audit   'ee-first': [ '1.1.1' ],
27 silly audit   'emoji-regex': [ '8.0.0' ],
27 silly audit   encodeurl: [ '2.0.0' ],
27 silly audit   'es-define-property': [ '1.0.1' ],
27 silly audit   'es-errors': [ '1.3.0' ],
27 silly audit   'es-object-atoms': [ '1.1.1' ],
27 silly audit   'es-set-tostringtag': [ '2.1.0' ],
27 silly audit   'escape-html': [ '1.0.3' ],
27 silly audit   'escape-string-regexp': [ '1.0.5' ],
27 silly audit   esprima: [ '4.0.1' ],
27 silly audit   etag: [ '1.8.1' ],
27 silly audit   'event-stream': [ '0.9.8' ],
27 silly audit   optimist: [ '0.2.8', '0.3.7' ],
27 silly audit   express: [ '5.2.1' ],
27 silly audit   extend: [ '3.0.2' ],
27 silly audit   'fetch-blob': [ '3.2.0' ],
27 silly audit   'fetch-mock-cache': [ '2.3.1' ],
27 silly audit   'filename-reserved-regex': [ '2.0.0' ],
27 silly audit   filenamify: [ '4.3.0' ],
27 silly audit   'filenamify-url': [ '2.1.2' ],
27 silly audit   finalhandler: [ '2.1.1' ],
27 silly audit   'follow-redirects': [ '1.15.11' ],
27 silly audit   'form-data': [ '4.0.5' ],
27 silly audit   'formdata-polyfill': [ '4.0.10' ],
27 silly audit   forwarded: [ '0.2.0' ],
27 silly audit   fresh: [ '2.0.0' ],
27 silly audit   'function-bind': [ '1.1.2' ],
27 silly audit   gaxios: [ '7.1.4' ],
27 silly audit   'gcp-metadata': [ '8.1.2' ],
27 silly audit   'get-intrinsic': [ '1.3.0' ],
27 silly audit   'get-proto': [ '1.0.1' ],
27 silly audit   'gl-matrix': [ '2.8.1' ],
27 silly audit   'google-auth-library': [ '10.6.2' ],
27 silly audit   'google-logging-utils': [ '1.1.3' ],
27 silly audit   googleapis: [ '171.4.0' ],
27 silly audit   'googleapis-common': [ '8.0.1' ],
27 silly audit   gopd: [ '1.2.0' ],
27 silly audit   'has-ansi': [ '2.0.0' ],
27 silly audit   'has-flag': [ '4.0.0' ],
27 silly audit   'has-symbols': [ '1.1.0' ],
27 silly audit   'has-tostringtag': [ '1.0.2' ],
27 silly audit   hasown: [ '2.0.2' ],
27 silly audit   here: [ '0.0.2' ],
27 silly audit   'http-auth': [ '4.2.1' ],
27 silly audit   'http-errors': [ '2.0.1' ],
27 silly audit   'https-proxy-agent': [ '7.0.6' ],
27 silly audit   'humanize-url': [ '2.1.1' ],
27 silly audit   'iconv-lite': [ '0.7.2' ],
27 silly audit   inherits: [ '2.0.4' ],
27 silly audit   'ipaddr.js': [ '1.9.1' ],
27 silly audit   'is-fullwidth-code-point': [ '3.0.0' ],
27 silly audit   'is-promise': [ '4.0.0' ],
27 silly audit   isarray: [ '0.0.1' ],
27 silly audit   isexe: [ '3.1.5' ],
27 silly audit   'json-bigint': [ '1.0.0' ],
27 silly audit   'json-schema': [ '0.4.0' ],
27 silly audit   jwa: [ '2.0.1' ],
27 silly audit   jws: [ '4.0.1' ],
27 silly audit   lodash: [ '4.17.23' ],
27 silly audit   'map-canvas': [ '0.1.5' ],
27 silly audit   marked: [ '4.3.0' ],
27 silly audit   'marked-terminal': [ '5.2.0' ],
27 silly audit   'math-intrinsics': [ '1.1.0' ],
27 silly audit   'media-typer': [ '1.1.0' ],
27 silly audit   'memory-streams': [ '0.1.3' ],
27 silly audit   memorystream: [ '0.3.1' ],
27 silly audit   'merge-descriptors': [ '2.0.0' ],
27 silly audit   ms: [ '2.1.3' ],
27 silly audit   negotiator: [ '1.0.0' ],
27 silly audit   'node-domexception': [ '1.0.0' ],
27 silly audit   'node-emoji': [ '1.11.0' ],
27 silly audit   'node-fetch': [ '3.3.2' ],
27 silly audit   nopt: [ '2.1.2' ],
27 silly audit   'normalize-url': [ '4.5.1' ],
27 silly audit   'object-inspect': [ '1.13.4' ],
27 silly audit   'on-finished': [ '2.4.1' ],
27 silly audit   once: [ '1.4.0' ],
27 silly audit   parseurl: [ '1.3.3' ],
27 silly audit   'path-to-regexp': [ '8.3.0' ],
27 silly audit   'picture-tuber': [ '1.0.2' ],
27 silly audit   'png-js': [ '0.1.1' ],
27 silly audit   'proxy-addr': [ '2.0.7' ],
27 silly audit   psl: [ '1.15.0' ],
27 silly audit   punycode: [ '2.3.1' ],
27 silly audit   qs: [ '6.15.0' ],
27 silly audit   querystringify: [ '2.2.0' ],
27 silly audit   'range-parser': [ '1.2.1' ],
27 silly audit   'raw-body': [ '3.0.2' ],
27 silly audit   'readable-stream': [ '1.0.34' ],
27 silly audit   redeyed: [ '2.1.1' ],
27 silly audit   'requires-port': [ '1.0.0' ],
27 silly audit   router: [ '2.2.0' ],
27 silly audit   'safe-buffer': [ '5.2.1' ],
27 silly audit   'safer-buffer': [ '2.1.2' ],
27 silly audit   sax: [ '1.6.0' ],
27 silly audit   send: [ '1.2.1' ],
27 silly audit   'serve-static': [ '2.2.1' ],
27 silly audit   setprototypeof: [ '1.2.0' ],
27 silly audit   'side-channel': [ '1.1.0' ],
27 silly audit   'side-channel-list': [ '1.0.0' ],
27 silly audit   'side-channel-map': [ '1.0.1' ],
27 silly audit   'side-channel-weakmap': [ '1.0.2' ],
27 silly audit   sparkline: [ '0.1.2' ],
27 silly audit   statuses: [ '2.0.2' ],
27 silly audit   string_decoder: [ '0.10.31' ],
27 silly audit   'string-width': [ '4.2.3' ],
27 silly audit   'strip-ansi': [ '6.0.1', '3.0.1' ],
27 silly audit   'strip-outer': [ '1.0.1' ],
27 silly audit   'supports-color': [ '2.0.0', '7.2.0' ],
27 silly audit   'supports-hyperlinks': [ '2.3.0' ],
27 silly audit   'term-canvas': [ '0.0.5' ],
27 silly audit   tldts: [ '6.1.86' ],
27 silly audit   'tldts-core': [ '6.1.86' ],
27 silly audit   toidentifier: [ '1.0.1' ],
27 silly audit   'tough-cookie': [ '5.1.2', '4.1.4' ],
27 silly audit   'tough-cookie-file-store': [ '2.0.3' ],
27 silly audit   'trim-repeated': [ '1.0.0' ],
27 silly audit   'type-is': [ '2.0.1' ],
27 silly audit   universalify: [ '0.2.0' ],
27 silly audit   'unix-crypt-td-js': [ '1.1.4' ],
27 silly audit   unpipe: [ '1.0.0' ],
27 silly audit   'url-parse': [ '1.5.10' ],
27 silly audit   'url-template': [ '2.0.8' ],
27 silly audit   uuid: [ '11.1.0' ],
27 silly audit   vary: [ '1.1.2' ],
27 silly audit   'web-streams-polyfill': [ '3.3.3' ],
27 silly audit   which: [ '4.0.0' ],
27 silly audit   wordwrap: [ '0.0.3' ],
27 silly audit   wrappy: [ '1.0.2' ],
27 silly audit   x256: [ '0.0.2' ],
27 silly audit   xml2js: [ '0.4.23' ],
27 silly audit   xmlbuilder: [ '11.0.1' ],
27 silly audit   'yahoo-finance2': [ '3.13.2' ],
27 silly audit   axios: [ '1.14.0' ],
27 silly audit   'proxy-from-env': [ '2.1.0' ]
27 silly audit }
28 http cache proxy-from-env@https://registry.npmjs.org/proxy-from-env/-/proxy-from-env-2.1.0.tgz 0ms (cache hit)
29 http cache axios@https://registry.npmjs.org/axios/-/axios-1.14.0.tgz 0ms (cache hit)
30 http fetch POST 200 https://registry.npmjs.org/-/npm/v1/security/advisories/bulk 191ms
31 silly audit report {
31 silly audit report   'path-to-regexp': [
31 silly audit report     {
31 silly audit report       id: 1115573,
31 silly audit report       url: 'https://github.com/advisories/GHSA-j3q9-mxjg-w52f',
31 silly audit report       title: 'path-to-regexp vulnerable to Denial of Service via sequential optional groups',
31 silly audit report       severity: 'high',
31 silly audit report       vulnerable_versions: '>=8.0.0 <8.4.0',
31 silly audit report       cwe: [Array],
31 silly audit report       cvss: [Object]
31 silly audit report     },
31 silly audit report     {
31 silly audit report       id: 1115582,
31 silly audit report       url: 'https://github.com/advisories/GHSA-27v5-c462-wpq7',
31 silly audit report       title: 'path-to-regexp vulnerable to Regular Expression Denial of Service via multiple wildcards',
31 silly audit report       severity: 'moderate',
31 silly audit report       vulnerable_versions: '>=8.0.0 <8.4.0',
31 silly audit report       cwe: [Array],
31 silly audit report       cvss: [Object]
31 silly audit report     }
31 silly audit report   ],
31 silly audit report   xml2js: [
31 silly audit report     {
31 silly audit report       id: 1096693,
31 silly audit report       url: 'https://github.com/advisories/GHSA-776f-qx25-q3cc',
31 silly audit report       title: 'xml2js is vulnerable to prototype pollution',
31 silly audit report       severity: 'moderate',
31 silly audit report       vulnerable_versions: '<0.5.0',
31 silly audit report       cwe: [Array],
31 silly audit report       cvss: [Object]
31 silly audit report     }
31 silly audit report   ]
31 silly audit report }
32 silly packumentCache corgi:https://registry.npmjs.org/path-to-regexp cache-miss
33 silly packumentCache corgi:https://registry.npmjs.org/xml2js cache-miss
34 http fetch GET 200 https://registry.npmjs.org/path-to-regexp 135ms (cache miss)
35 silly packumentCache corgi:https://registry.npmjs.org/path-to-regexp set size:undefined disposed:false
36 http fetch GET 200 https://registry.npmjs.org/xml2js 305ms (cache revalidated)
37 silly packumentCache corgi:https://registry.npmjs.org/xml2js set size:38207 disposed:false
38 silly packumentCache corgi:https://registry.npmjs.org/router cache-miss
39 http fetch GET 200 https://registry.npmjs.org/router 121ms (cache miss)
40 silly packumentCache corgi:https://registry.npmjs.org/router set size:undefined disposed:false
41 silly packumentCache corgi:https://registry.npmjs.org/map-canvas cache-miss
42 http fetch GET 200 https://registry.npmjs.org/map-canvas 372ms (cache revalidated)
43 silly packumentCache corgi:https://registry.npmjs.org/map-canvas set size:2811 disposed:false
44 silly packumentCache corgi:https://registry.npmjs.org/blessed-contrib cache-miss
45 http fetch GET 200 https://registry.npmjs.org/blessed-contrib 187ms (cache revalidated)
46 silly packumentCache corgi:https://registry.npmjs.org/blessed-contrib set size:76236 disposed:false
47 silly CHANGE node_modules/proxy-from-env
48 silly CHANGE node_modules/axios
49 verbose cwd /data/data/com.termux/files/home
50 verbose os Linux 5.10.237-android12-9-00013-gd09ef2e980e0-ab13968955
51 verbose node v25.8.2
52 verbose npm  v11.12.0
53 verbose exit 0
54 info ok
