0 verbose cli /data/data/com.termux/files/usr/bin/node /data/data/com.termux/files/usr/bin/npm
1 info using npm@11.12.0
2 info using node@v25.8.2
3 silly config load:file:/data/data/com.termux/files/usr/lib/node_modules/npm/npmrc
4 silly config load:file:/data/data/com.termux/files/home/.npmrc
5 silly config load:file:/data/data/com.termux/files/usr/etc/npmrc
6 verbose title npm init
7 verbose argv "init" "--yes"
8 verbose logfile logs-max:10 dir:/data/data/com.termux/files/home/.npm/_logs/2026-04-01T00_18_40_068Z-
9 verbose logfile /data/data/com.termux/files/home/.npm/_logs/2026-04-01T00_18_40_068Z-debug-0.log
10 silly logfile start cleaning logs, removing 1 files
11 silly logfile done cleaning log files
12 silly package data {
12 silly package data   dependencies: {
12 silly package data     axios: '^1.13.6',
12 silly package data     blessed: '^0.1.81',
12 silly package data     'blessed-contrib': '^4.11.0',
12 silly package data     dayjs: '^1.11.20',
12 silly package data     express: '^5.2.1',
12 silly package data     googleapis: '^171.4.0',
12 silly package data     'http-auth': '^4.2.1',
12 silly package data     'yahoo-finance2': '^3.13.2'
12 silly package data   },
12 silly package data   name: 'home',
12 silly package data   version: '1.0.0',
12 silly package data   description: '',
12 silly package data   main: 'ciudadano.js',
12 silly package data   devDependencies: {},
12 silly package data   scripts: {
12 silly package data     test: 'echo "Error: no test specified" && exit 1',
12 silly package data     start: 'node server.js'
12 silly package data   },
12 silly package data   keywords: [],
12 silly package data   author: '',
12 silly package data   license: 'ISC',
12 silly package data   type: 'commonjs',
12 silly package data   Symbol(newline): '\n',
12 silly package data   Symbol(indent): '  '
12 silly package data }
13 verbose cwd /data/data/com.termux/files/home
14 verbose os Linux 5.10.237-android12-9-00013-gd09ef2e980e0-ab13968955
15 verbose node v25.8.2
16 verbose npm  v11.12.0
17 verbose exit 0
18 info ok
