  File "/data/data/com.termux/files/home/quant_engine.py", line 89
    results = {}
IndentationError: unexpected indent
  File "/data/data/com.termux/files/home/quant_engine.py", line 89
    results = {}
IndentationError: unexpected indent
  File "/data/data/com.termux/files/home/quant_engine.py", line 89
    results = {}
IndentationError: unexpected indent
  File "/data/data/com.termux/files/home/quant_engine.py", line 89
    results = {}
IndentationError: unexpected indent
  File "/data/data/com.termux/files/home/quant_engine.py", line 89
    results = {}
IndentationError: unexpected indent
  File "/data/data/com.termux/files/home/quant_engine.py", line 89
    results = {}
IndentationError: unexpected indent
  File "/data/data/com.termux/files/home/quant_engine.py", line 89
    results = {}
IndentationError: unexpected indent
  File "/data/data/com.termux/files/home/quant_engine.py", line 89
    results = {}
IndentationError: unexpected indent
  File "/data/data/com.termux/files/home/quant_engine.py", line 89
    results = {}
IndentationError: unexpected indent
  File "/data/data/com.termux/files/home/quant_engine.py", line 89
    results = {}
IndentationError: unexpected indent
  File "/data/data/com.termux/files/home/quant_engine.py", line 89
    results = {}
IndentationError: unexpected indent
  File "/data/data/com.termux/files/home/quant_engine.py", line 89
    results = {}
IndentationError: unexpected indent
  File "/data/data/com.termux/files/home/quant_engine.py", line 89
    results = {}
IndentationError: unexpected indent
  File "/data/data/com.termux/files/home/quant_engine.py", line 89
    results = {}
IndentationError: unexpected indent
  File "/data/data/com.termux/files/home/quant_engine.py", line 89
    results = {}
IndentationError: unexpected indent
  File "/data/data/com.termux/files/home/quant_engine.py", line 89
    results = {}
IndentationError: unexpected indent
  File "/data/data/com.termux/files/home/quant_engine.py", line 89
    results = {}
IndentationError: unexpected indent
  File "/data/data/com.termux/files/home/quant_engine.py", line 89
    results = {}
IndentationError: unexpected indent
  File "/data/data/com.termux/files/home/quant_engine.py", line 89
    results = {}
IndentationError: unexpected indent
  File "/data/data/com.termux/files/home/quant_engine.py", line 89
    results = {}
IndentationError: unexpected indent
  File "/data/data/com.termux/files/home/quant_engine.py", line 89
    results = {}
IndentationError: unexpected indent
  File "/data/data/com.termux/files/home/quant_engine.py", line 89
    results = {}
IndentationError: unexpected indent
  File "/data/data/com.termux/files/home/quant_engine.py", line 89
    results = {}
IndentationError: unexpected indent
  File "/data/data/com.termux/files/home/quant_engine.py", line 89
    results = {}
IndentationError: unexpected indent
  File "/data/data/com.termux/files/home/quant_engine.py", line 89
    results = {}
IndentationError: unexpected indent
  File "/data/data/com.termux/files/home/quant_engine.py", line 89
    results = {}
IndentationError: unexpected indent
  File "/data/data/com.termux/files/home/quant_engine.py", line 89
    results = {}
IndentationError: unexpected indent
  File "/data/data/com.termux/files/home/quant_engine.py", line 89
    results = {}
IndentationError: unexpected indent
  File "/data/data/com.termux/files/home/quant_engine.py", line 89
    results = {}
IndentationError: unexpected indent
  File "/data/data/com.termux/files/home/quant_engine.py", line 89
    results = {}
IndentationError: unexpected indent
  File "/data/data/com.termux/files/home/quant_engine.py", line 89
    results = {}
IndentationError: unexpected indent
  File "/data/data/com.termux/files/home/quant_engine.py", line 89
    results = {}
IndentationError: unexpected indent
  File "/data/data/com.termux/files/home/quant_engine.py", line 89
    results = {}
IndentationError: unexpected indent
  File "/data/data/com.termux/files/home/quant_engine.py", line 89
    results = {}
IndentationError: unexpected indent
  File "/data/data/com.termux/files/home/quant_engine.py", line 89
    results = {}
IndentationError: unexpected indent
  File "/data/data/com.termux/files/home/quant_engine.py", line 89
    results = {}
IndentationError: unexpected indent
  File "/data/data/com.termux/files/home/quant_engine.py", line 89
    results = {}
IndentationError: unexpected indent
  File "/data/data/com.termux/files/home/quant_engine.py", line 89
    results = {}
IndentationError: unexpected indent
  File "/data/data/com.termux/files/home/quant_engine.py", line 89
    results = {}
IndentationError: unexpected indent
  File "/data/data/com.termux/files/home/quant_engine.py", line 89
    results = {}
IndentationError: unexpected indent
  File "/data/data/com.termux/files/home/quant_engine.py", line 89
    results = {}
IndentationError: unexpected indent
  File "/data/data/com.termux/files/home/quant_engine.py", line 89
    results = {}
IndentationError: unexpected indent
  File "/data/data/com.termux/files/home/quant_engine.py", line 89
    results = {}
IndentationError: unexpected indent
  File "/data/data/com.termux/files/home/quant_engine.py", line 89
    results = {}
IndentationError: unexpected indent
  File "/data/data/com.termux/files/home/quant_engine.py", line 89
    results = {}
IndentationError: unexpected indent
  File "/data/data/com.termux/files/home/quant_engine.py", line 89
    results = {}
IndentationError: unexpected indent
  File "/data/data/com.termux/files/home/quant_engine.py", line 89
    results = {}
IndentationError: unexpected indent
  File "/data/data/com.termux/files/home/quant_engine.py", line 89
    results = {}
IndentationError: unexpected indent
  File "/data/data/com.termux/files/home/quant_engine.py", line 89
    results = {}
IndentationError: unexpected indent
  File "/data/data/com.termux/files/home/quant_engine.py", line 89
    results = {}
IndentationError: unexpected indent
  File "/data/data/com.termux/files/home/quant_engine.py", line 89
    results = {}
IndentationError: unexpected indent
  File "/data/data/com.termux/files/home/quant_engine.py", line 89
    results = {}
IndentationError: unexpected indent
  File "/data/data/com.termux/files/home/quant_engine.py", line 89
    results = {}
IndentationError: unexpected indent
  File "/data/data/com.termux/files/home/quant_engine.py", line 89
    results = {}
IndentationError: unexpected indent
  File "/data/data/com.termux/files/home/quant_engine.py", line 89
    results = {}
IndentationError: unexpected indent
  File "/data/data/com.termux/files/home/quant_engine.py", line 89
    results = {}
IndentationError: unexpected indent
  File "/data/data/com.termux/files/home/quant_engine.py", line 89
    results = {}
IndentationError: unexpected indent
  File "/data/data/com.termux/files/home/quant_engine.py", line 89
    results = {}
IndentationError: unexpected indent
  File "/data/data/com.termux/files/home/quant_engine.py", line 89
    results = {}
IndentationError: unexpected indent
  File "/data/data/com.termux/files/home/quant_engine.py", line 89
    results = {}
IndentationError: unexpected indent
  File "/data/data/com.termux/files/home/quant_engine.py", line 89
    results = {}
IndentationError: unexpected indent
  File "/data/data/com.termux/files/home/quant_engine.py", line 89
    results = {}
IndentationError: unexpected indent
  File "/data/data/com.termux/files/home/quant_engine.py", line 89
    results = {}
IndentationError: unexpected indent
  File "/data/data/com.termux/files/home/quant_engine.py", line 89
    results = {}
IndentationError: unexpected indent
Traceback (most recent call last):
  File "/data/data/com.termux/files/home/quant_engine.py", line 29, in <module>
    time.sleep(60)
    ~~~~~~~~~~^^^^
KeyboardInterrupt
Traceback (most recent call last):
  File "/data/data/com.termux/files/home/quant_engine.py", line 29, in <module>
    time.sleep(60)
    ~~~~~~~~~~^^^^
KeyboardInterrupt
Traceback (most recent call last):
  File "/data/data/com.termux/files/home/quant_engine.py", line 29, in <module>
    time.sleep(60)
    ~~~~~~~~~~^^^^
KeyboardInterrupt
Traceback (most recent call last):
  File "/data/data/com.termux/files/home/quant_engine.py", line 29, in <module>
    time.sleep(60)
    ~~~~~~~~~~^^^^
KeyboardInterrupt
Traceback (most recent call last):
  File "/data/data/com.termux/files/home/quant_engine.py", line 29, in <module>
    time.sleep(60)
    ~~~~~~~~~~^^^^
KeyboardInterrupt
Traceback (most recent call last):
  File "/data/data/com.termux/files/home/quant_engine.py", line 29, in <module>
    time.sleep(60)
    ~~~~~~~~~~^^^^
KeyboardInterrupt
Traceback (most recent call last):
  File "/data/data/com.termux/files/home/quant_engine.py", line 29, in <module>
    time.sleep(60)
    ~~~~~~~~~~^^^^
KeyboardInterrupt
Traceback (most recent call last):
  File "/data/data/com.termux/files/home/quant_engine.py", line 29, in <module>
    time.sleep(60)
    ~~~~~~~~~~^^^^
KeyboardInterrupt
Traceback (most recent call last):
  File "/data/data/com.termux/files/home/quant_engine.py", line 29, in <module>
    time.sleep(60)
    ~~~~~~~~~~^^^^
KeyboardInterrupt
Traceback (most recent call last):
  File "/data/data/com.termux/files/home/quant_engine.py", line 29, in <module>
    time.sleep(60)
    ~~~~~~~~~~^^^^
KeyboardInterrupt
Traceback (most recent call last):
  File "/data/data/com.termux/files/home/quant_engine.py", line 29, in <module>
    time.sleep(60)
    ~~~~~~~~~~^^^^
KeyboardInterrupt
Traceback (most recent call last):
  File "/data/data/com.termux/files/home/quant_engine.py", line 29, in <module>
    time.sleep(60)
    ~~~~~~~~~~^^^^
KeyboardInterrupt
Traceback (most recent call last):
  File "/data/data/com.termux/files/home/quant_engine.py", line 29, in <module>
    time.sleep(60)
    ~~~~~~~~~~^^^^
KeyboardInterrupt
Traceback (most recent call last):
  File "/data/data/com.termux/files/home/quant_engine.py", line 29, in <module>
    time.sleep(60)
    ~~~~~~~~~~^^^^
KeyboardInterrupt
Traceback (most recent call last):
  File "/data/data/com.termux/files/home/quant_engine.py", line 29, in <module>
    time.sleep(60)
    ~~~~~~~~~~^^^^
KeyboardInterrupt
Traceback (most recent call last):
  File "/data/data/com.termux/files/home/quant_engine.py", line 29, in <module>
    time.sleep(60)
    ~~~~~~~~~~^^^^
KeyboardInterrupt
Traceback (most recent call last):
  File "/data/data/com.termux/files/home/quant_engine.py", line 29, in <module>
    time.sleep(60)
    ~~~~~~~~~~^^^^
KeyboardInterrupt
Traceback (most recent call last):
  File "/data/data/com.termux/files/home/quant_engine.py", line 29, in <module>
    time.sleep(60)
    ~~~~~~~~~~^^^^
KeyboardInterrupt
Traceback (most recent call last):
  File "/data/data/com.termux/files/home/quant_engine.py", line 29, in <module>
    time.sleep(60)
    ~~~~~~~~~~^^^^
KeyboardInterrupt
Traceback (most recent call last):
  File "/data/data/com.termux/files/home/quant_engine.py", line 29, in <module>
    time.sleep(60)
    ~~~~~~~~~~^^^^
KeyboardInterrupt
Traceback (most recent call last):
  File "/data/data/com.termux/files/home/quant_engine.py", line 29, in <module>
    time.sleep(60)
    ~~~~~~~~~~^^^^
KeyboardInterrupt
Traceback (most recent call last):
  File "/data/data/com.termux/files/home/quant_engine.py", line 29, in <module>
    time.sleep(60)
    ~~~~~~~~~~^^^^
KeyboardInterrupt
Traceback (most recent call last):
  File "/data/data/com.termux/files/home/quant_engine.py", line 29, in <module>
    time.sleep(60)
    ~~~~~~~~~~^^^^
KeyboardInterrupt
Traceback (most recent call last):
  File "/data/data/com.termux/files/home/quant_engine.py", line 29, in <module>
    time.sleep(60)
    ~~~~~~~~~~^^^^
KeyboardInterrupt
Traceback (most recent call last):
  File "/data/data/com.termux/files/home/quant_engine.py", line 29, in <module>
    time.sleep(60)
    ~~~~~~~~~~^^^^
KeyboardInterrupt
Traceback (most recent call last):
  File "/data/data/com.termux/files/home/quant_engine.py", line 29, in <module>
    time.sleep(60)
    ~~~~~~~~~~^^^^
KeyboardInterrupt
Traceback (most recent call last):
  File "/data/data/com.termux/files/home/quant_engine.py", line 29, in <module>
    time.sleep(60)
    ~~~~~~~~~~^^^^
KeyboardInterrupt
Traceback (most recent call last):
  File "/data/data/com.termux/files/home/quant_engine.py", line 29, in <module>
    time.sleep(60)
    ~~~~~~~~~~^^^^
KeyboardInterrupt
Traceback (most recent call last):
  File "/data/data/com.termux/files/home/quant_engine.py", line 29, in <module>
    time.sleep(60)
    ~~~~~~~~~~^^^^
KeyboardInterrupt
Traceback (most recent call last):
  File "/data/data/com.termux/files/home/quant_engine.py", line 29, in <module>
    time.sleep(60)
    ~~~~~~~~~~^^^^
KeyboardInterrupt
Traceback (most recent call last):
  File "/data/data/com.termux/files/home/quant_engine.py", line 29, in <module>
    time.sleep(60)
    ~~~~~~~~~~^^^^
KeyboardInterrupt
Traceback (most recent call last):
  File "/data/data/com.termux/files/home/quant_engine.py", line 29, in <module>
    time.sleep(60)
    ~~~~~~~~~~^^^^
KeyboardInterrupt
Traceback (most recent call last):
  File "/data/data/com.termux/files/home/quant_engine.py", line 29, in <module>
    time.sleep(60)
    ~~~~~~~~~~^^^^
KeyboardInterrupt
Traceback (most recent call last):
  File "/data/data/com.termux/files/home/quant_engine.py", line 29, in <module>
    time.sleep(60)
    ~~~~~~~~~~^^^^
KeyboardInterrupt
