0 verbose cli /data/data/com.termux/files/usr/bin/node /data/data/com.termux/files/usr/bin/npm
1 info using npm@11.13.0
2 info using node@v25.8.2
3 silly config load:file:/data/data/com.termux/files/usr/lib/node_modules/npm/npmrc
4 silly config load:file:/data/data/com.termux/files/home/.npmrc
5 silly config load:file:/data/data/com.termux/files/usr/etc/npmrc
6 verbose title npm install pnpm
7 verbose argv "install" "--global" "pnpm"
8 verbose logfile logs-max:10 dir:/data/data/com.termux/files/home/.npm/_logs/2026-04-29T04_29_10_164Z-
9 verbose logfile /data/data/com.termux/files/home/.npm/_logs/2026-04-29T04_29_10_164Z-debug-0.log
10 silly packumentCache heap:1174405120 maxSize:293601280 maxEntrySize:146800640
11 silly logfile start cleaning logs, removing 1 files
12 silly logfile done cleaning log files
13 silly idealTree buildDeps
14 silly fetch manifest pnpm@*
15 silly packumentCache full:https://registry.npmjs.org/pnpm cache-miss
16 http fetch GET 200 https://registry.npmjs.org/npm 713ms
17 http fetch GET 200 https://registry.npmjs.org/pnpm 1017ms (cache miss)
18 silly packumentCache full:https://registry.npmjs.org/pnpm set size:undefined disposed:false
19 silly placeDep ROOT pnpm@10.33.2 OK for:  want: *
20 silly reify moves {}
21 http cache pnpm@https://registry.npmjs.org/pnpm/-/pnpm-10.33.2.tgz 3ms (cache hit)
22 silly tarball no local data for pnpm@https://registry.npmjs.org/pnpm/-/pnpm-10.33.2.tgz. Extracting by manifest.
23 http fetch GET 200 https://registry.npmjs.org/pnpm/-/pnpm-10.33.2.tgz 8242ms (cache miss)
24 silly ADD node_modules/pnpm
25 verbose cwd /data/data/com.termux/files/home
26 verbose os Linux 5.10.237-android12-9-00014-gf82f7360927e-ab14119954
27 verbose node v25.8.2
28 verbose npm  v11.13.0
29 verbose exit 0
30 info ok
